#
# A fatal error has been detected by the Java Runtime Environment:
#
#  EXCEPTION_ACCESS_VIOLATION (0xc0000005) at pc=0x000000006e9cbbb1, pid=12976, tid=0x0000000000002050
#
# JRE version: Java(TM) SE Runtime Environment (8.0_241-b07) (build 1.8.0_241-b07)
# Java VM: Java HotSpot(TM) 64-Bit Server VM (25.241-b07 mixed mode windows-amd64 compressed oops)
# Problematic frame:
# C  [gdx-box2d64.dll+0xbbb1]
#
# Failed to write core dump. Minidumps are not enabled by default on client versions of Windows
#
# If you would like to submit a bug report, please visit:
#   http://bugreport.java.com/bugreport/crash.jsp
# The crash happened outside the Java Virtual Machine in native code.
# See problematic frame for where to report the bug.
#

---------------  T H R E A D  ---------------

Current thread (0x000000001ee3f000):  JavaThread "LWJGL Application" [_thread_in_native, id=8272, stack(0x0000000021260000,0x0000000021360000)]

siginfo: ExceptionCode=0xc0000005, reading address 0x0000002600000000

Registers:
RAX=0x000000006ea10060, RBX=0x0000002600000000, RCX=0x000000001f695280, RDX=0x00000000000000b8
RSP=0x000000002135ea10, RBP=0x000000001f6952b0, RSI=0x000000001f695280, RDI=0x000000002135ead0
R8 =0x000000001f695280, R9 =0x0000000000000000, R10=0x0000000000000000, R11=0x0000000000000001
R12=0x0000000000000000, R13=0x0000000000000006, R14=0x000000002135ecb8, R15=0x000000001ee3f000
RIP=0x000000006e9cbbb1, EFLAGS=0x0000000000010206

Top of Stack: (sp=0x000000002135ea10)
0x000000002135ea10:   000000001bea9170 000000001ee3f000
0x000000002135ea20:   000000006a0b6ce8 000000001f192fa0
0x000000002135ea30:   0000000000000001 000000001f695280
0x000000002135ea40:   000000002135ead0 000000002135ec10
0x000000002135ea50:   0000000000000000 000000001bea9170
0x000000002135ea60:   000000002135ecb8 000000006e9e1163
0x000000002135ea70:   000000002135eb10 000000002135eb10
0x000000002135ea80:   0000000000000003 000000001bea9170
0x000000002135ea90:   0000000000000001 000000001bf5a470
0x000000002135eaa0:   0000000000000730 000000006e9e6a36
0x000000002135eab0:   0000000000000000 0000000000000730
0x000000002135eac0:   000000002135ec10 0000000002955798
0x000000002135ead0:   41ae238800000000 000000003e21ba1f
0x000000002135eae0:   0000000000000000 0000000000000000
0x000000002135eaf0:   0000010100000000 000000002135ec01
0x000000002135eb00:   0000000000000000 000000003f800000 

Instructions: (pc=0x000000006e9cbbb1)
0x000000006e9cbb91:   05 ca 44 04 00 44 0f b6 2c 18 41 80 fd 0d 4c 89
0x000000006e9cbba1:   eb 77 2c 48 8d 2c de 48 8b 5d 10 48 85 db 74 45
0x000000006e9cbbb1:   48 8b 03 48 89 45 10 48 89 d8 48 83 c4 20 5b 5e
0x000000006e9cbbc1:   5f 5d 41 5c 41 5d 41 5e c3 66 0f 1f 44 00 00 48 


Register to memory mapping:

RAX=0x000000006ea10060 is an unknown value
RBX=0x0000002600000000 is an unknown value
RCX=0x000000001f695280 is an unknown value
RDX=0x00000000000000b8 is an unknown value
RSP=0x000000002135ea10 is pointing into the stack for thread: 0x000000001ee3f000
RBP=0x000000001f6952b0 is an unknown value
RSI=0x000000001f695280 is an unknown value
RDI=0x000000002135ead0 is pointing into the stack for thread: 0x000000001ee3f000
R8 =0x000000001f695280 is an unknown value
R9 =0x0000000000000000 is an unknown value
R10=0x0000000000000000 is an unknown value
R11=0x0000000000000001 is an unknown value
R12=0x0000000000000000 is an unknown value
R13=0x0000000000000006 is an unknown value
R14=0x000000002135ecb8 is pointing into the stack for thread: 0x000000001ee3f000
R15=0x000000001ee3f000 is a thread


Stack: [0x0000000021260000,0x0000000021360000],  sp=0x000000002135ea10,  free space=1018k
Native frames: (J=compiled Java code, j=interpreted, Vv=VM code, C=native code)
C  [gdx-box2d64.dll+0xbbb1]
C  [gdx-box2d64.dll+0x21163]
C  [gdx-box2d64.dll+0x26a36]
C  0x0000000002968c67

Java frames: (J=compiled Java code, j=interpreted, Vv=VM code)
j  com.badlogic.gdx.physics.box2d.World.jniCreateBody(JIFFFFFFFFZZZZZF)J+0
j  com.badlogic.gdx.physics.box2d.World.createBody(Lcom/badlogic/gdx/physics/box2d/BodyDef;)Lcom/badlogic/gdx/physics/box2d/Body;+80
j  sprites.TileObject2.createGround()V+102
j  sprites.TileObject2.<init>(Lscreens/Level2;Lscreens/PlayScreen;)V+92
j  screens.Level2.<init>(Lscreens/PlayScreen;)V+88
J 1742 C1 screens.PlayScreen.currentLevel(F)V (58 bytes) @ 0x0000000002a5e6c4 [0x0000000002a5e560+0x164]
J 1755 C1 screens.PlayScreen.render(F)V (496 bytes) @ 0x0000000002bd7df4 [0x0000000002bd7200+0xbf4]
J 1701 C2 hercules.game.main.render()V (5 bytes) @ 0x000000000300bd90 [0x000000000300bd20+0x70]
j  com.badlogic.gdx.backends.lwjgl.LwjglApplication.mainLoop()V+770
j  com.badlogic.gdx.backends.lwjgl.LwjglApplication$1.run()V+27
v  ~StubRoutines::call_stub

---------------  P R O C E S S  ---------------

Java Threads: ( => current thread )
  0x000000001f5e1800 JavaThread "LWJGL Timer" daemon [_thread_blocked, id=13540, stack(0x000000002c590000,0x000000002c690000)]
  0x0000000002853800 JavaThread "DestroyJavaVM" [_thread_blocked, id=6524, stack(0x00000000026d0000,0x00000000027d0000)]
=>0x000000001ee3f000 JavaThread "LWJGL Application" [_thread_in_native, id=8272, stack(0x0000000021260000,0x0000000021360000)]
  0x000000001ee81800 JavaThread "SeedGenerator Thread" daemon [_thread_blocked, id=15244, stack(0x000000001fa60000,0x000000001fb60000)]
  0x000000001e143800 JavaThread "Service Thread" daemon [_thread_blocked, id=4276, stack(0x000000001ec20000,0x000000001ed20000)]
  0x000000001e0c1800 JavaThread "C1 CompilerThread3" daemon [_thread_blocked, id=11344, stack(0x000000001eb20000,0x000000001ec20000)]
  0x000000001e0b3000 JavaThread "C2 CompilerThread2" daemon [_thread_blocked, id=8476, stack(0x000000001ea20000,0x000000001eb20000)]
  0x000000001e069000 JavaThread "C2 CompilerThread1" daemon [_thread_blocked, id=3424, stack(0x000000001e920000,0x000000001ea20000)]
  0x000000001e065800 JavaThread "C2 CompilerThread0" daemon [_thread_blocked, id=17300, stack(0x000000001e820000,0x000000001e920000)]
  0x000000001e063000 JavaThread "Attach Listener" daemon [_thread_blocked, id=2828, stack(0x000000001e720000,0x000000001e820000)]
  0x000000001e0af800 JavaThread "Signal Dispatcher" daemon [_thread_blocked, id=13552, stack(0x000000001e620000,0x000000001e720000)]
  0x000000001e050800 JavaThread "Finalizer" daemon [_thread_blocked, id=13320, stack(0x000000001e430000,0x000000001e530000)]
  0x000000000294a000 JavaThread "Reference Handler" daemon [_thread_blocked, id=12756, stack(0x000000001df30000,0x000000001e030000)]

Other Threads:
  0x000000001c15a000 VMThread [stack: 0x000000001de30000,0x000000001df30000] [id=9432]
  0x000000001e15b800 WatcherThread [stack: 0x000000001ed20000,0x000000001ee20000] [id=4072]

VM state:not at safepoint (normal execution)

VM Mutex/Monitor currently owned by a thread: None

heap address: 0x00000006c5400000, size: 4012 MB, Compressed Oops mode: Zero based, Oop shift amount: 3
Narrow klass base: 0x0000000000000000, Narrow klass shift: 3
Compressed class space size: 1073741824 Address: 0x00000007c0000000

Heap:
 PSYoungGen      total 75264K, used 17224K [0x000000076c700000, 0x0000000771b00000, 0x00000007c0000000)
  eden space 64512K, 10% used [0x000000076c700000,0x000000076cd58d10,0x0000000770600000)
  from space 10752K, 99% used [0x0000000770600000,0x0000000771079418,0x0000000771080000)
  to   space 10752K, 0% used [0x0000000771080000,0x0000000771080000,0x0000000771b00000)
 ParOldGen       total 172032K, used 1151K [0x00000006c5400000, 0x00000006cfc00000, 0x000000076c700000)
  object space 172032K, 0% used [0x00000006c5400000,0x00000006c551fe48,0x00000006cfc00000)
 Metaspace       used 9639K, capacity 9799K, committed 9984K, reserved 1058816K
  class space    used 896K, capacity 956K, committed 1024K, reserved 1048576K

Card table byte_map: [0x0000000011d10000,0x00000000124f0000] byte_map_base: 0x000000000e6e6000

Marking Bits: (ParMarkBitMap*) 0x000000006a29be30
 Begin Bits: [0x0000000013230000, 0x00000000170e0000)
 End Bits:   [0x00000000170e0000, 0x000000001af90000)

Polling page: 0x0000000000c50000

CodeCache: size=245760Kb used=6738Kb max_used=7222Kb free=239021Kb
 bounds [0x0000000002950000, 0x0000000003070000, 0x0000000011950000]
 total_blobs=2144 nmethods=1620 adapters=437
 compilation: enabled

Compilation events (10 events):
Event: 280.734 Thread 0x000000001e0c1800 1831       3       java.lang.ref.Finalizer::hasBeenFinalized (14 bytes)
Event: 280.734 Thread 0x000000001e0c1800 nmethod 1831 0x0000000002a7d350 code [0x0000000002a7d4a0, 0x0000000002a7d650]
Event: 280.734 Thread 0x000000001e0c1800 1832   !   3       java.lang.ref.Finalizer::remove (94 bytes)
Event: 280.734 Thread 0x000000001e0c1800 nmethod 1832 0x0000000002cef2d0 code [0x0000000002cef440, 0x0000000002cef950]
Event: 280.735 Thread 0x000000001e0c1800 1833       3       java.lang.System$2::invokeFinalize (5 bytes)
Event: 280.735 Thread 0x000000001e0c1800 nmethod 1833 0x0000000002aeb8d0 code [0x0000000002aeba40, 0x0000000002aebc68]
Event: 280.735 Thread 0x000000001e0b3000 nmethod 1821 0x0000000002d612d0 code [0x0000000002d61420, 0x0000000002d61938]
Event: 280.735 Thread 0x000000001e069000 1835 %     4       java.util.AbstractCollection::toArray @ 42 (147 bytes)
Event: 280.746 Thread 0x000000001e065800 nmethod 1810% 0x0000000002ce6f90 code [0x0000000002ce71e0, 0x0000000002ce8c88]
Event: 280.752 Thread 0x000000001e069000 nmethod 1835% 0x0000000002c33e50 code [0x0000000002c33fc0, 0x0000000002c34898]

GC Heap History (2 events):
Event: 280.678 GC heap before
{Heap before GC invocations=1 (full 0):
 PSYoungGen      total 75264K, used 64512K [0x000000076c700000, 0x0000000771b00000, 0x00000007c0000000)
  eden space 64512K, 100% used [0x000000076c700000,0x0000000770600000,0x0000000770600000)
  from space 10752K, 0% used [0x0000000771080000,0x0000000771080000,0x0000000771b00000)
  to   space 10752K, 0% used [0x0000000770600000,0x0000000770600000,0x0000000771080000)
 ParOldGen       total 172032K, used 0K [0x00000006c5400000, 0x00000006cfc00000, 0x000000076c700000)
  object space 172032K, 0% used [0x00000006c5400000,0x00000006c5400000,0x00000006cfc00000)
 Metaspace       used 9619K, capacity 9799K, committed 9984K, reserved 1058816K
  class space    used 895K, capacity 956K, committed 1024K, reserved 1048576K
Event: 280.724 GC heap after
Heap after GC invocations=1 (full 0):
 PSYoungGen      total 75264K, used 10725K [0x000000076c700000, 0x0000000771b00000, 0x00000007c0000000)
  eden space 64512K, 0% used [0x000000076c700000,0x000000076c700000,0x0000000770600000)
  from space 10752K, 99% used [0x0000000770600000,0x0000000771079418,0x0000000771080000)
  to   space 10752K, 0% used [0x0000000771080000,0x0000000771080000,0x0000000771b00000)
 ParOldGen       total 172032K, used 1151K [0x00000006c5400000, 0x00000006cfc00000, 0x000000076c700000)
  object space 172032K, 0% used [0x00000006c5400000,0x00000006c551fe48,0x00000006cfc00000)
 Metaspace       used 9619K, capacity 9799K, committed 9984K, reserved 1058816K
  class space    used 895K, capacity 956K, committed 1024K, reserved 1048576K
}

Deoptimization events (10 events):
Event: 280.307 Thread 0x000000001ee3f000 Uncommon trap: reason=null_check action=make_not_entrant pc=0x0000000002ef9ae0 method=com.badlogic.gdx.utils.ObjectMap.get(Ljava/lang/Object;)Ljava/lang/Object; @ 57
Event: 280.307 Thread 0x000000001ee3f000 Uncommon trap: reason=unstable_if action=reinterpret pc=0x0000000002e13ee0 method=java.util.StringTokenizer.scanToken(I)I @ 7
Event: 280.307 Thread 0x000000001ee3f000 Uncommon trap: reason=unstable_if action=reinterpret pc=0x0000000002e11258 method=java.util.StringTokenizer.skipDelimiters(I)I @ 29
Event: 280.307 Thread 0x000000001ee3f000 Uncommon trap: reason=unstable_if action=reinterpret pc=0x0000000002e05614 method=java.util.StringTokenizer.scanToken(I)I @ 7
Event: 280.625 Thread 0x000000001ee3f000 Uncommon trap: reason=null_check action=make_not_entrant pc=0x0000000002a74c68 method=com.badlogic.gdx.utils.ObjectMap.get(Ljava/lang/Object;)Ljava/lang/Object; @ 38
Event: 280.725 Thread 0x000000001ee3f000 Uncommon trap: reason=array_check action=maybe_recompile pc=0x0000000002c1de50 method=java.util.AbstractCollection.toArray([Ljava/lang/Object;)[Ljava/lang/Object; @ 119
Event: 280.725 Thread 0x000000001ee3f000 Uncommon trap: reason=array_check action=maybe_recompile pc=0x0000000002c1de50 method=java.util.AbstractCollection.toArray([Ljava/lang/Object;)[Ljava/lang/Object; @ 119
Event: 280.726 Thread 0x000000001ee3f000 Uncommon trap: reason=array_check action=maybe_recompile pc=0x0000000002c1de50 method=java.util.AbstractCollection.toArray([Ljava/lang/Object;)[Ljava/lang/Object; @ 119
Event: 280.728 Thread 0x000000001ee3f000 Uncommon trap: reason=array_check action=maybe_recompile pc=0x0000000002c1de50 method=java.util.AbstractCollection.toArray([Ljava/lang/Object;)[Ljava/lang/Object; @ 119
Event: 280.735 Thread 0x000000001ee3f000 Uncommon trap: reason=predicate action=maybe_recompile pc=0x0000000002d617bc method=java.util.AbstractCollection.toArray([Ljava/lang/Object;)[Ljava/lang/Object; @ 49

Classes redefined (0 events):
No events

Internal exceptions (10 events):
Event: 5.310 Thread 0x0000000002853800 Exception <a 'java/security/PrivilegedActionException'> (0x000000076ce4edd8) thrown at [C:\ade\jenkins\workspace\8-2-build-windows-amd64-cygwin\jdk8u241\331\hotspot\src\share\vm\prims\jvm.cpp, line 1502]
Event: 5.311 Thread 0x0000000002853800 Exception <a 'java/security/PrivilegedActionException'> (0x000000076ce4fa30) thrown at [C:\ade\jenkins\workspace\8-2-build-windows-amd64-cygwin\jdk8u241\331\hotspot\src\share\vm\prims\jvm.cpp, line 1502]
Event: 5.311 Thread 0x0000000002853800 Exception <a 'java/security/PrivilegedActionException'> (0x000000076ce50658) thrown at [C:\ade\jenkins\workspace\8-2-build-windows-amd64-cygwin\jdk8u241\331\hotspot\src\share\vm\prims\jvm.cpp, line 1502]
Event: 5.980 Thread 0x000000001ee3f000 Exception <a 'java/lang/NoSuchFieldError': method resolution failed> (0x000000076d5ab588) thrown at [C:\ade\jenkins\workspace\8-2-build-windows-amd64-cygwin\jdk8u241\331\hotspot\src\share\vm\prims\methodHandles.cpp, line 1167]
Event: 5.983 Thread 0x000000001ee3f000 Exception <a 'java/lang/NoSuchFieldError': method resolution failed> (0x000000076d5b8c48) thrown at [C:\ade\jenkins\workspace\8-2-build-windows-amd64-cygwin\jdk8u241\331\hotspot\src\share\vm\prims\methodHandles.cpp, line 1167]
Event: 9.398 Thread 0x000000001ee3f000 Exception <a 'java/io/FileNotFoundException'> (0x000000076e51b5b0) thrown at [C:\ade\jenkins\workspace\8-2-build-windows-amd64-cygwin\jdk8u241\331\hotspot\src\share\vm\prims\jni.cpp, line 710]
Event: 11.327 Thread 0x000000001ee3f000 Implicit null exception at 0x0000000002e0b583 to 0x0000000002e0b9cd
Event: 280.307 Thread 0x000000001ee3f000 Implicit null exception at 0x0000000002f24b64 to 0x0000000002f24be1
Event: 280.307 Thread 0x000000001ee3f000 Implicit null exception at 0x0000000002ef974e to 0x0000000002ef9acd
Event: 280.625 Thread 0x000000001ee3f000 Implicit null exception at 0x0000000002a74798 to 0x0000000002a74c55

Events (10 events):
Event: 280.735 Thread 0x000000001e0b3000 flushing nmethod 0x0000000002e52dd0
Event: 280.745 loading class sprites/TileObject2
Event: 280.745 loading class sprites/TileObject2 done
Event: 280.747 Thread 0x000000001e065800 flushing nmethod 0x0000000002e53e90
Event: 280.747 Thread 0x000000001e065800 flushing nmethod 0x0000000002e56c10
Event: 280.747 Thread 0x000000001e065800 flushing nmethod 0x0000000002e5d550
Event: 280.747 Thread 0x000000001e065800 flushing nmethod 0x0000000002e675d0
Event: 280.747 Thread 0x000000001e065800 flushing nmethod 0x0000000002e68990
Event: 280.747 Thread 0x000000001e065800 flushing nmethod 0x0000000002e82290
Event: 280.747 Thread 0x000000001e065800 flushing nmethod 0x0000000002e88350


Dynamic libraries:
0x00007ff6795b0000 - 0x00007ff6795e7000 	C:\Program Files\Java\jre1.8.0_241\bin\javaw.exe
0x00007ffc7f3f0000 - 0x00007ffc7f5d1000 	C:\WINDOWS\SYSTEM32\ntdll.dll
0x00007ffc78750000 - 0x00007ffc78763000 	C:\Program Files\AVAST Software\Avast\aswhook.dll
0x00007ffc7d330000 - 0x00007ffc7d3e1000 	C:\WINDOWS\System32\KERNEL32.DLL
0x00007ffc7b9a0000 - 0x00007ffc7bc13000 	C:\WINDOWS\System32\KERNELBASE.dll
0x00007ffc7d060000 - 0x00007ffc7d101000 	C:\WINDOWS\System32\ADVAPI32.dll
0x00007ffc7c870000 - 0x00007ffc7c90e000 	C:\WINDOWS\System32\msvcrt.dll
0x00007ffc7cc70000 - 0x00007ffc7cccb000 	C:\WINDOWS\System32\sechost.dll
0x00007ffc7c910000 - 0x00007ffc7ca34000 	C:\WINDOWS\System32\RPCRT4.dll
0x00007ffc7ed20000 - 0x00007ffc7eeb0000 	C:\WINDOWS\System32\USER32.dll
0x00007ffc7c3e0000 - 0x00007ffc7c400000 	C:\WINDOWS\System32\win32u.dll
0x00007ffc7d110000 - 0x00007ffc7d138000 	C:\WINDOWS\System32\GDI32.dll
0x00007ffc7b7a0000 - 0x00007ffc7b931000 	C:\WINDOWS\System32\gdi32full.dll
0x00007ffc7c340000 - 0x00007ffc7c3df000 	C:\WINDOWS\System32\msvcp_win.dll
0x00007ffc7c450000 - 0x00007ffc7c548000 	C:\WINDOWS\System32\ucrtbase.dll
0x00007ffc735b0000 - 0x00007ffc73819000 	C:\WINDOWS\WinSxS\amd64_microsoft.windows.common-controls_6595b64144ccf1df_6.0.17134.1488_none_d4038d277c8d0b7d\COMCTL32.dll
0x00007ffc7f070000 - 0x00007ffc7f391000 	C:\WINDOWS\System32\combase.dll
0x00007ffc7c7f0000 - 0x00007ffc7c869000 	C:\WINDOWS\System32\bcryptPrimitives.dll
0x00007ffc7cac0000 - 0x00007ffc7caed000 	C:\WINDOWS\System32\IMM32.DLL
0x00000000698b0000 - 0x0000000069982000 	C:\Program Files\Java\jre1.8.0_241\bin\msvcr100.dll
0x0000000069a70000 - 0x000000006a31c000 	C:\Program Files\Java\jre1.8.0_241\bin\server\jvm.dll
0x00007ffc7e8c0000 - 0x00007ffc7e8c8000 	C:\WINDOWS\System32\PSAPI.DLL
0x00007ffc72220000 - 0x00007ffc72229000 	C:\WINDOWS\SYSTEM32\WSOCK32.dll
0x00007ffc7e840000 - 0x00007ffc7e8ac000 	C:\WINDOWS\System32\WS2_32.dll
0x00007ffc71320000 - 0x00007ffc71343000 	C:\WINDOWS\SYSTEM32\WINMM.dll
0x00007ffc753e0000 - 0x00007ffc753ea000 	C:\WINDOWS\SYSTEM32\VERSION.dll
0x00007ffc71140000 - 0x00007ffc7116a000 	C:\WINDOWS\SYSTEM32\WINMMBASE.dll
0x00007ffc7c400000 - 0x00007ffc7c449000 	C:\WINDOWS\System32\cfgmgr32.dll
0x00007ffc79410000 - 0x00007ffc7941f000 	C:\Program Files\Java\jre1.8.0_241\bin\verify.dll
0x00007ffc64f90000 - 0x00007ffc64fb9000 	C:\Program Files\Java\jre1.8.0_241\bin\java.dll
0x00007ffc63aa0000 - 0x00007ffc63ab6000 	C:\Program Files\Java\jre1.8.0_241\bin\zip.dll
0x00007ffc7d3f0000 - 0x00007ffc7e835000 	C:\WINDOWS\System32\SHELL32.dll
0x00007ffc7d280000 - 0x00007ffc7d329000 	C:\WINDOWS\System32\shcore.dll
0x00007ffc7bc20000 - 0x00007ffc7c331000 	C:\WINDOWS\System32\windows.storage.dll
0x00007ffc7ce60000 - 0x00007ffc7ceb1000 	C:\WINDOWS\System32\shlwapi.dll
0x00007ffc7b730000 - 0x00007ffc7b741000 	C:\WINDOWS\System32\kernel.appcore.dll
0x00007ffc7b760000 - 0x00007ffc7b77f000 	C:\WINDOWS\System32\profapi.dll
0x00007ffc7b6e0000 - 0x00007ffc7b72c000 	C:\WINDOWS\System32\powrprof.dll
0x00007ffc7b750000 - 0x00007ffc7b75a000 	C:\WINDOWS\System32\FLTLIB.DLL
0x0000000065ac0000 - 0x0000000065b0b000 	C:\Users\Manar\AppData\Local\Temp\libgdxManar\7d76f548\gdx64.dll
0x00007ffc7b4d0000 - 0x00007ffc7b4e7000 	C:\WINDOWS\SYSTEM32\CRYPTSP.dll
0x00007ffc7a750000 - 0x00007ffc7a783000 	C:\WINDOWS\system32\rsaenh.dll
0x00007ffc7b2d0000 - 0x00007ffc7b2f5000 	C:\WINDOWS\SYSTEM32\bcrypt.dll
0x00007ffc7b610000 - 0x00007ffc7b638000 	C:\WINDOWS\SYSTEM32\USERENV.dll
0x00007ffc63a10000 - 0x00007ffc63a2a000 	C:\Program Files\Java\jre1.8.0_241\bin\net.dll
0x00007ffc7abf0000 - 0x00007ffc7ac56000 	C:\WINDOWS\system32\mswsock.dll
0x00007ffc7a910000 - 0x00007ffc7a948000 	C:\WINDOWS\SYSTEM32\IPHLPAPI.DLL
0x00007ffc7e8b0000 - 0x00007ffc7e8b8000 	C:\WINDOWS\System32\NSI.dll
0x00007ffc75de0000 - 0x00007ffc75df6000 	C:\WINDOWS\SYSTEM32\dhcpcsvc6.DLL
0x00007ffc75dc0000 - 0x00007ffc75dda000 	C:\WINDOWS\SYSTEM32\dhcpcsvc.DLL
0x00007ffc639f0000 - 0x00007ffc63a02000 	C:\Program Files\Java\jre1.8.0_241\bin\nio.dll
0x0000000180000000 - 0x0000000180053000 	C:\Users\Manar\AppData\Local\Temp\libgdxManar\1cecf4f6\lwjgl64.dll
0x00007ffc651d0000 - 0x00007ffc652f0000 	C:\WINDOWS\SYSTEM32\OPENGL32.dll
0x00007ffc64d90000 - 0x00007ffc64dbc000 	C:\WINDOWS\SYSTEM32\GLU32.dll
0x000000001fba0000 - 0x000000001fc04000 	C:\Users\Manar\AppData\Local\Temp\libgdxManar\1cecf4f6\OpenAL64.dll
0x00007ffc7ef10000 - 0x00007ffc7f061000 	C:\WINDOWS\System32\ole32.dll
0x00007ffc79710000 - 0x00007ffc797a8000 	C:\WINDOWS\system32\uxtheme.dll
0x00007ffc7ccd0000 - 0x00007ffc7cd70000 	C:\WINDOWS\System32\clbcatq.dll
0x00007ffc77740000 - 0x00007ffc778f5000 	C:\WINDOWS\System32\PROPSYS.dll
0x00007ffc7d1b0000 - 0x00007ffc7d272000 	C:\WINDOWS\System32\OLEAUT32.dll
0x00007ffc3dce0000 - 0x00007ffc3dd6f000 	C:\WINDOWS\SYSTEM32\dsound.dll
0x00007ffc73f50000 - 0x00007ffc73fc6000 	C:\WINDOWS\System32\MMDevApi.dll
0x00007ffc7b4f0000 - 0x00007ffc7b517000 	C:\WINDOWS\System32\DEVOBJ.dll
0x00007ffc705a0000 - 0x00007ffc706cc000 	C:\WINDOWS\SYSTEM32\AUDIOSES.DLL
0x00007ffc771e0000 - 0x00007ffc7732d000 	C:\WINDOWS\SYSTEM32\wintypes.dll
0x00007ffc76960000 - 0x00007ffc7696a000 	C:\WINDOWS\SYSTEM32\AVRT.dll
0x00007ffc7caf0000 - 0x00007ffc7cc64000 	C:\WINDOWS\System32\MSCTF.dll
0x00007ffc79910000 - 0x00007ffc79939000 	C:\WINDOWS\system32\dwmapi.dll
0x00007ffc6c1c0000 - 0x00007ffc6c256000 	C:\WINDOWS\System32\TextInputFramework.dll
0x00007ffc70b80000 - 0x00007ffc70e9e000 	C:\WINDOWS\System32\CoreUIComponents.dll
0x00007ffc78cf0000 - 0x00007ffc78dca000 	C:\WINDOWS\System32\CoreMessaging.dll
0x00007ffc7a410000 - 0x00007ffc7a441000 	C:\WINDOWS\SYSTEM32\ntmarta.dll
0x00007ffc29a00000 - 0x00007ffc2a8bf000 	C:\WINDOWS\System32\DriverStore\FileRepository\ki127390.inf_amd64_e1ccb879ece8f084\ig9icd64.dll
0x00007ffc76940000 - 0x00007ffc76953000 	C:\WINDOWS\SYSTEM32\WTSAPI32.dll
0x00007ffc7a0e0000 - 0x00007ffc7a19b000 	C:\WINDOWS\SYSTEM32\dxgi.dll
0x00007ffc6c840000 - 0x00007ffc6c8e8000 	C:\WINDOWS\SYSTEM32\mscms.dll
0x00007ffc794a0000 - 0x00007ffc794b0000 	C:\WINDOWS\SYSTEM32\ColorAdapterClient.dll
0x00007ffc6b320000 - 0x00007ffc6b363000 	C:\WINDOWS\SYSTEM32\icm32.dll
0x00007ffc6cb30000 - 0x00007ffc6e8c5000 	C:\WINDOWS\System32\DriverStore\FileRepository\ki127390.inf_amd64_e1ccb879ece8f084\igc64.dll
0x000000002c090000 - 0x000000002c13b000 	C:\Users\Manar\AppData\Local\Temp\libgdxManar\fd391f27\gdx-freetype64.dll
0x000000006e9c0000 - 0x000000006ea1b000 	C:\Users\Manar\AppData\Local\Temp\libgdxManar\b8f13a6a\gdx-box2d64.dll
0x00007ffc7b300000 - 0x00007ffc7b4c9000 	C:\WINDOWS\SYSTEM32\dbghelp.dll

VM Arguments:
jvm_args: -Dfile.encoding=Cp1256 
java_command: com.mygdx.game.desktop.DesktopLauncher
java_class_path (initial): E:\My World\College Projects\second year projects\second term\hercules-game-project\desktop\bin\main;\hercules-game-core\bin\default;E:\My World\College Projects\second year projects\second term\hercules-game-project\core\bin\main;C:\Users\Manar\.gradle\caches\modules-2\files-2.1\com.badlogicgames.gdx\gdx-tools\1.9.10\67524f012868e0cff57531b5bfda2781d00c6b1f\gdx-tools-1.9.10.jar;C:\Users\Manar\.gradle\caches\modules-2\files-2.1\com.badlogicgames.gdx\gdx-backend-lwjgl\1.9.10\8f88abd43500d94c486d25f04d642318da72773a\gdx-backend-lwjgl-1.9.10.jar;C:\Users\Manar\.gradle\caches\modules-2\files-2.1\com.badlogicgames.gdx\gdx-platform\1.9.10\1907b49f8363dd1ee37d273854a9cc3c741a6e66\gdx-platform-1.9.10-natives-desktop.jar;C:\Users\Manar\.gradle\caches\modules-2\files-2.1\com.badlogicgames.gdx\gdx-box2d-platform\1.9.10\91b19c283b24eec646a18e0e7b940c829920df4f\gdx-box2d-platform-1.9.10-natives-desktop.jar;C:\Users\Manar\.gradle\caches\modules-2\files-2.1\com.badlogicgames.gdx\gdx-bullet-platform\1.9.10\ad7c3c0fff16dacf0ff137407060f8b5841bbe8f\gdx-bullet-platform-1.9.10-natives-desktop.jar;C:\Users\Manar\.gradle\caches\modules-2\files-2.1\com.badlogicgames.gdx\gdx-freetype-platform\1.9.10\5c4b67db9c1d62383b718ce040c7cdb555d5b19f\gdx-freetype-platform-1.9.10-natives-desktop.jar;C:\Users\Manar\.gradle\caches\modules-2\files-2.1\com.badlogicgames.gdx\gdx-controllers-desktop\1.9.10\a718403da411eb0bf9773c548c8414e78a91f57c\gdx-controllers-desktop-1.9.10.jar;C:\Users\Manar\.gradle\caches\modules-2\files-2.1\com.badlogicgames.gdx\gdx-controllers-platform\1.9.10\704ce30819e2f32b540462d029a0496ebbf2f9fd\gdx-controllers-platform-1.9.10-natives-desktop.jar;C:\Users\Manar\.gradle\caches\modules-2\files-2.1\com.badlogicgames.gdx\gdx-backend-headless\1.9.10\d357526e6bb3d36b01b4f833ab42588e5285d487\gdx-backend-headless-1.9.10.jar;C:\Users\Manar\.gradle\caches\modules-2\files-2.1\com.badlogicgames.gdx\gdx-freetype\1.9.10\8853e4f08589a9feb4b851187909cfde8810e491\gdx-
Launcher Type: SUN_STANDARD

Environment Variables:
PATH=C:/Program Files/Java/jre1.8.0_241/bin/server;C:/Program Files/Java/jre1.8.0_241/bin;C:/Program Files/Java/jre1.8.0_241/lib/amd64;C:\Program Files\Python38\Scripts\;C:\Program Files\Python38\;C:\ProgramData\Oracle\Java\javapath;C:\Program Files (x86)\Common Files\Oracle\Java\javapath;C:\Program Files\Microsoft MPI\Bin\;C:\MinGw\bin;C:\MinGw\libexec\gcc\x86_64-w64-mingw32\7.3.0;C:\Program Files (x86)\Common Files\Intel\Shared Libraries\redist\intel64\compiler;C:\WINDOWS\system32;C:\WINDOWS;C:\WINDOWS\System32\Wbem;C:\WINDOWS\System32\WindowsPowerShell\v1.0\;C:\WINDOWS\System32\OpenSSH\;C:\Program Files\dotnet\;C:\Program Files (x86)\Microsoft SQL Server\150\DTS\Binn\;C:\Program Files (x86)\Microsoft SQL Server\140\Tools\Binn\;C:\Program Files\Microsoft SQL Server\140\Tools\Binn\;C:\Program Files (x86)\Microsoft SQL Server\140\DTS\Binn\;C:\Program Files\Microsoft SQL Server\140\DTS\Binn\;C:\Program Files\Microsoft SQL Server\Client SDK\ODBC\130\Tools\Binn\;C:\Program Files\Git\cmd;C:\Program Files\Git\mingw64\bin;C:\Program Files\Git\usr\bin;C:\Program Files\Microsoft SQL Server\130\Tools\Binn\;C:\Program Files\Microsoft SQL Server\Client SDK\ODBC\170\Tools\Binn\;C:\Program Files (x86)\Brackets\command;C:\src\flutter\bin;C:\Users\Manar\AppData\Local\Microsoft\WindowsApps;C:\MinGw;C:\Users\Manar\AppData\Local\Programs\Microsoft VS Code\bin;C:\src\flutter\bin;C:\Users\Manar\AppData\Local\GitHubDesktop\bin;C:\Users\Manar\eclipse\java-2019-12\eclipse;
USERNAME=Manar
OS=Windows_NT
PROCESSOR_IDENTIFIER=Intel64 Family 6 Model 142 Stepping 10, GenuineIntel



---------------  S Y S T E M  ---------------

OS: Windows 10.0 , 64 bit Build 17134 (10.0.17134.1425)

CPU:total 8 (initial active 8) (4 cores per cpu, 2 threads per core) family 6 model 142 stepping 10, cmov, cx8, fxsr, mmx, sse, sse2, sse3, ssse3, sse4.1, sse4.2, popcnt, avx, avx2, aes, clmul, erms, 3dnowpref, lzcnt, ht, tsc, tscinvbit, bmi1, bmi2, adx

Memory: 4k page, physical 16428448k(8908376k free), swap 18918816k(10483828k free)

vm_info: Java HotSpot(TM) 64-Bit Server VM (25.241-b07) for windows-amd64 JRE (1.8.0_241-b07), built on Dec 11 2019 10:21:40 by "rejava" with MS VC++ 10.0 (VS2010)

time: Fri Jul 24 19:08:31 2020
timezone: Egypt Standard Time
elapsed time: 280 seconds (0d 0h 4m 40s)

