#
# A fatal error has been detected by the Java Runtime Environment:
#
#  EXCEPTION_ACCESS_VIOLATION (0xc0000005) at pc=0x000000006e9cbbb1, pid=14204, tid=0x00000000000007b8
#
# JRE version: Java(TM) SE Runtime Environment (8.0_241-b07) (build 1.8.0_241-b07)
# Java VM: Java HotSpot(TM) 64-Bit Server VM (25.241-b07 mixed mode windows-amd64 compressed oops)
# Problematic frame:
# C  [gdx-box2d64.dll+0xbbb1]
#
# Failed to write core dump. Minidumps are not enabled by default on client versions of Windows
#
# If you would like to submit a bug report, please visit:
#   http://bugreport.java.com/bugreport/crash.jsp
# The crash happened outside the Java Virtual Machine in native code.
# See problematic frame for where to report the bug.
#

---------------  T H R E A D  ---------------

Current thread (0x000000001f5c3800):  JavaThread "LWJGL Application" [_thread_in_native, id=1976, stack(0x0000000021a90000,0x0000000021b90000)]

siginfo: ExceptionCode=0xc0000005, reading address 0x0000002600000000

Registers:
RAX=0x000000006ea10060, RBX=0x0000002600000000, RCX=0x000000001fdc5280, RDX=0x00000000000000b8
RSP=0x0000000021b8e9a0, RBP=0x000000001fdc52b0, RSI=0x000000001fdc5280, RDI=0x0000000021b8ea60
R8 =0x000000001fdc5280, R9 =0x0000000000000000, R10=0x0000000000000000, R11=0x0000000000000001
R12=0x0000000000000000, R13=0x0000000000000006, R14=0x0000000021b8ec48, R15=0x000000001f5c3800
RIP=0x000000006e9cbbb1, EFLAGS=0x0000000000010206

Top of Stack: (sp=0x0000000021b8e9a0)
0x0000000021b8e9a0:   000000001c5c53c8 000000001f5c3800
0x0000000021b8e9b0:   000000006a0b6ce8 000000002b608130
0x0000000021b8e9c0:   0000000000000001 000000001fdc5280
0x0000000021b8e9d0:   0000000021b8ea60 0000000021b8eba0
0x0000000021b8e9e0:   0000000000000000 000000001c5c53c8
0x0000000021b8e9f0:   0000000021b8ec48 000000006e9e1163
0x0000000021b8ea00:   0000000021b8eaa0 0000000021b8eaa0
0x0000000021b8ea10:   0000000000000003 000000001c5c53c8
0x0000000021b8ea20:   0000000000000001 0000000000000330
0x0000000021b8ea30:   000000000000003a 000000006e9e6a36
0x0000000021b8ea40:   0000000000000000 000000000000003a
0x0000000021b8ea50:   0000000021b8eba0 0000000003075798
0x0000000021b8ea60:   418ad89400000000 000000003d464463
0x0000000021b8ea70:   0000000000000000 0000000000000000
0x0000000021b8ea80:   0000010100000000 0000000021b8ec01
0x0000000021b8ea90:   0000000000000000 000000003f800000 

Instructions: (pc=0x000000006e9cbbb1)
0x000000006e9cbb91:   05 ca 44 04 00 44 0f b6 2c 18 41 80 fd 0d 4c 89
0x000000006e9cbba1:   eb 77 2c 48 8d 2c de 48 8b 5d 10 48 85 db 74 45
0x000000006e9cbbb1:   48 8b 03 48 89 45 10 48 89 d8 48 83 c4 20 5b 5e
0x000000006e9cbbc1:   5f 5d 41 5c 41 5d 41 5e c3 66 0f 1f 44 00 00 48 


Register to memory mapping:

RAX=0x000000006ea10060 is an unknown value
RBX=0x0000002600000000 is an unknown value
RCX=0x000000001fdc5280 is an unknown value
RDX=0x00000000000000b8 is an unknown value
RSP=0x0000000021b8e9a0 is pointing into the stack for thread: 0x000000001f5c3800
RBP=0x000000001fdc52b0 is an unknown value
RSI=0x000000001fdc5280 is an unknown value
RDI=0x0000000021b8ea60 is pointing into the stack for thread: 0x000000001f5c3800
R8 =0x000000001fdc5280 is an unknown value
R9 =0x0000000000000000 is an unknown value
R10=0x0000000000000000 is an unknown value
R11=0x0000000000000001 is an unknown value
R12=0x0000000000000000 is an unknown value
R13=0x0000000000000006 is an unknown value
R14=0x0000000021b8ec48 is pointing into the stack for thread: 0x000000001f5c3800
R15=0x000000001f5c3800 is a thread


Stack: [0x0000000021a90000,0x0000000021b90000],  sp=0x0000000021b8e9a0,  free space=1018k
Native frames: (J=compiled Java code, j=interpreted, Vv=VM code, C=native code)
C  [gdx-box2d64.dll+0xbbb1]
C  [gdx-box2d64.dll+0x21163]
C  [gdx-box2d64.dll+0x26a36]
C  0x0000000003088c67

Java frames: (J=compiled Java code, j=interpreted, Vv=VM code)
j  com.badlogic.gdx.physics.box2d.World.jniCreateBody(JIFFFFFFFFZZZZZF)J+0
j  com.badlogic.gdx.physics.box2d.World.createBody(Lcom/badlogic/gdx/physics/box2d/BodyDef;)Lcom/badlogic/gdx/physics/box2d/Body;+80
j  sprites.TileObject2.createGround()V+102
j  sprites.TileObject2.<init>(Lscreens/Level2;Lscreens/PlayScreen;)V+92
j  screens.Level2.<init>(Lscreens/PlayScreen;)V+88
J 1516 C1 screens.PlayScreen.currentLevel(F)V (58 bytes) @ 0x0000000003647704 [0x00000000036475a0+0x164]
J 1676 C1 screens.PlayScreen.render(F)V (496 bytes) @ 0x000000000370ba74 [0x000000000370ae80+0xbf4]
J 1696 C2 hercules.game.main.render()V (5 bytes) @ 0x0000000003184150 [0x00000000031840e0+0x70]
j  com.badlogic.gdx.backends.lwjgl.LwjglApplication.mainLoop()V+770
j  com.badlogic.gdx.backends.lwjgl.LwjglApplication$1.run()V+27
v  ~StubRoutines::call_stub

---------------  P R O C E S S  ---------------

Java Threads: ( => current thread )
  0x000000002b923000 JavaThread "LWJGL Timer" daemon [_thread_blocked, id=14304, stack(0x000000002cfd0000,0x000000002d0d0000)]
  0x0000000002f74000 JavaThread "DestroyJavaVM" [_thread_blocked, id=4704, stack(0x0000000002e70000,0x0000000002f70000)]
=>0x000000001f5c3800 JavaThread "LWJGL Application" [_thread_in_native, id=1976, stack(0x0000000021a90000,0x0000000021b90000)]
  0x000000001eaa2000 JavaThread "SeedGenerator Thread" daemon [_thread_blocked, id=14260, stack(0x0000000020190000,0x0000000020290000)]
  0x000000001e875800 JavaThread "Service Thread" daemon [_thread_blocked, id=14080, stack(0x000000001f350000,0x000000001f450000)]
  0x000000001e7ea800 JavaThread "C1 CompilerThread3" daemon [_thread_blocked, id=9660, stack(0x000000001f250000,0x000000001f350000)]
  0x000000001e7e1000 JavaThread "C2 CompilerThread2" daemon [_thread_blocked, id=4480, stack(0x000000001f150000,0x000000001f250000)]
  0x000000001e79b000 JavaThread "C2 CompilerThread1" daemon [_thread_blocked, id=8184, stack(0x000000001f050000,0x000000001f150000)]
  0x000000001e799000 JavaThread "C2 CompilerThread0" daemon [_thread_blocked, id=10052, stack(0x000000001ef50000,0x000000001f050000)]
  0x000000001e793000 JavaThread "Attach Listener" daemon [_thread_blocked, id=9324, stack(0x000000001ee50000,0x000000001ef50000)]
  0x000000001e7df800 JavaThread "Signal Dispatcher" daemon [_thread_blocked, id=4772, stack(0x000000001ed50000,0x000000001ee50000)]
  0x000000001e780800 JavaThread "Finalizer" daemon [_thread_blocked, id=10420, stack(0x000000001eb60000,0x000000001ec60000)]
  0x000000000306b000 JavaThread "Reference Handler" daemon [_thread_blocked, id=9320, stack(0x000000001e660000,0x000000001e760000)]

Other Threads:
  0x000000001c879800 VMThread [stack: 0x000000001e560000,0x000000001e660000] [id=13980]
  0x000000001e88d000 WatcherThread [stack: 0x000000001f450000,0x000000001f550000] [id=940]

VM state:not at safepoint (normal execution)

VM Mutex/Monitor currently owned by a thread: None

heap address: 0x00000006c5400000, size: 4012 MB, Compressed Oops mode: Zero based, Oop shift amount: 3
Narrow klass base: 0x0000000000000000, Narrow klass shift: 3
Compressed class space size: 1073741824 Address: 0x00000007c0000000

Heap:
 PSYoungGen      total 75264K, used 16083K [0x000000076c700000, 0x0000000771b00000, 0x00000007c0000000)
  eden space 64512K, 8% used [0x000000076c700000,0x000000076cc362f0,0x0000000770600000)
  from space 10752K, 99% used [0x0000000770600000,0x000000077107eb60,0x0000000771080000)
  to   space 10752K, 0% used [0x0000000771080000,0x0000000771080000,0x0000000771b00000)
 ParOldGen       total 172032K, used 1179K [0x00000006c5400000, 0x00000006cfc00000, 0x000000076c700000)
  object space 172032K, 0% used [0x00000006c5400000,0x00000006c5526cf8,0x00000006cfc00000)
 Metaspace       used 9634K, capacity 9799K, committed 9984K, reserved 1058816K
  class space    used 896K, capacity 956K, committed 1024K, reserved 1048576K

Card table byte_map: [0x0000000012430000,0x0000000012c10000] byte_map_base: 0x000000000ee06000

Marking Bits: (ParMarkBitMap*) 0x000000006a29be30
 Begin Bits: [0x0000000013950000, 0x0000000017800000)
 End Bits:   [0x0000000017800000, 0x000000001b6b0000)

Polling page: 0x00000000011f0000

CodeCache: size=245760Kb used=6136Kb max_used=6863Kb free=239623Kb
 bounds [0x0000000003070000, 0x0000000003740000, 0x0000000012070000]
 total_blobs=2095 nmethods=1571 adapters=437
 compilation: enabled

Compilation events (10 events):
Event: 169.543 Thread 0x000000001e7ea800 nmethod 1788 0x00000000031a4390 code [0x00000000031a4500, 0x00000000031a4728]
Event: 169.545 Thread 0x000000001e799000 nmethod 1776 0x0000000003463fd0 code [0x0000000003464120, 0x0000000003464638]
Event: 169.545 Thread 0x000000001e799000 1790 %     4       java.util.AbstractCollection::toArray @ 42 (147 bytes)
Event: 169.546 Thread 0x000000001e7ea800 1791       3       java.lang.Float::valueOf (9 bytes)
Event: 169.546 Thread 0x000000001e7ea800 nmethod 1791 0x0000000003481f90 code [0x0000000003482100, 0x0000000003482390]
Event: 169.546 Thread 0x000000001e7ea800 1792       3       java.lang.Float::<init> (10 bytes)
Event: 169.547 Thread 0x000000001e7ea800 nmethod 1792 0x00000000033cddd0 code [0x00000000033cdf40, 0x00000000033ce150]
Event: 169.557 Thread 0x000000001e799000 nmethod 1790% 0x000000000350abd0 code [0x000000000350ad40, 0x000000000350b618]
Event: 169.565 Thread 0x000000001e7e1000 nmethod 1764% 0x000000000320d010 code [0x000000000320d260, 0x000000000320eca8]
Event: 169.577 Thread 0x000000001e79b000 nmethod 1751 0x0000000003454d50 code [0x00000000034550c0, 0x0000000003458840]

GC Heap History (2 events):
Event: 169.525 GC heap before
{Heap before GC invocations=1 (full 0):
 PSYoungGen      total 75264K, used 64512K [0x000000076c700000, 0x0000000771b00000, 0x00000007c0000000)
  eden space 64512K, 100% used [0x000000076c700000,0x0000000770600000,0x0000000770600000)
  from space 10752K, 0% used [0x0000000771080000,0x0000000771080000,0x0000000771b00000)
  to   space 10752K, 0% used [0x0000000770600000,0x0000000770600000,0x0000000771080000)
 ParOldGen       total 172032K, used 0K [0x00000006c5400000, 0x00000006cfc00000, 0x000000076c700000)
  object space 172032K, 0% used [0x00000006c5400000,0x00000006c5400000,0x00000006cfc00000)
 Metaspace       used 9614K, capacity 9799K, committed 9984K, reserved 1058816K
  class space    used 895K, capacity 956K, committed 1024K, reserved 1048576K
Event: 169.533 GC heap after
Heap after GC invocations=1 (full 0):
 PSYoungGen      total 75264K, used 10746K [0x000000076c700000, 0x0000000771b00000, 0x00000007c0000000)
  eden space 64512K, 0% used [0x000000076c700000,0x000000076c700000,0x0000000770600000)
  from space 10752K, 99% used [0x0000000770600000,0x000000077107eb60,0x0000000771080000)
  to   space 10752K, 0% used [0x0000000771080000,0x0000000771080000,0x0000000771b00000)
 ParOldGen       total 172032K, used 1179K [0x00000006c5400000, 0x00000006cfc00000, 0x000000076c700000)
  object space 172032K, 0% used [0x00000006c5400000,0x00000006c5526cf8,0x00000006cfc00000)
 Metaspace       used 9614K, capacity 9799K, committed 9984K, reserved 1058816K
  class space    used 895K, capacity 956K, committed 1024K, reserved 1048576K
}

Deoptimization events (10 events):
Event: 168.796 Thread 0x000000001f5c3800 Uncommon trap: reason=null_check action=make_not_entrant pc=0x0000000003601474 method=com.badlogic.gdx.utils.ObjectMap.get(Ljava/lang/Object;)Ljava/lang/Object; @ 57
Event: 168.796 Thread 0x000000001f5c3800 Uncommon trap: reason=unstable_if action=reinterpret pc=0x0000000003515e58 method=java.util.StringTokenizer.scanToken(I)I @ 7
Event: 168.796 Thread 0x000000001f5c3800 Uncommon trap: reason=unstable_if action=reinterpret pc=0x0000000003514d98 method=java.util.StringTokenizer.skipDelimiters(I)I @ 29
Event: 168.796 Thread 0x000000001f5c3800 Uncommon trap: reason=unstable_if action=reinterpret pc=0x00000000035146d4 method=java.util.StringTokenizer.scanToken(I)I @ 7
Event: 169.506 Thread 0x000000001f5c3800 Uncommon trap: reason=null_check action=make_not_entrant pc=0x0000000003357f28 method=com.badlogic.gdx.utils.ObjectMap.get(Ljava/lang/Object;)Ljava/lang/Object; @ 38
Event: 169.535 Thread 0x000000001f5c3800 Uncommon trap: reason=array_check action=maybe_recompile pc=0x00000000031ccb10 method=java.util.AbstractCollection.toArray([Ljava/lang/Object;)[Ljava/lang/Object; @ 119
Event: 169.535 Thread 0x000000001f5c3800 Uncommon trap: reason=array_check action=maybe_recompile pc=0x00000000031ccb10 method=java.util.AbstractCollection.toArray([Ljava/lang/Object;)[Ljava/lang/Object; @ 119
Event: 169.540 Thread 0x000000001f5c3800 Uncommon trap: reason=array_check action=maybe_recompile pc=0x00000000031ccb10 method=java.util.AbstractCollection.toArray([Ljava/lang/Object;)[Ljava/lang/Object; @ 119
Event: 169.542 Thread 0x000000001f5c3800 Uncommon trap: reason=array_check action=maybe_recompile pc=0x00000000031ccb10 method=java.util.AbstractCollection.toArray([Ljava/lang/Object;)[Ljava/lang/Object; @ 119
Event: 169.545 Thread 0x000000001f5c3800 Uncommon trap: reason=predicate action=maybe_recompile pc=0x00000000034644bc method=java.util.AbstractCollection.toArray([Ljava/lang/Object;)[Ljava/lang/Object; @ 49

Classes redefined (0 events):
No events

Internal exceptions (10 events):
Event: 7.081 Thread 0x0000000002f74000 Exception <a 'java/security/PrivilegedActionException'> (0x000000076ce4fd28) thrown at [C:\ade\jenkins\workspace\8-2-build-windows-amd64-cygwin\jdk8u241\331\hotspot\src\share\vm\prims\jvm.cpp, line 1502]
Event: 7.081 Thread 0x0000000002f74000 Exception <a 'java/security/PrivilegedActionException'> (0x000000076ce50980) thrown at [C:\ade\jenkins\workspace\8-2-build-windows-amd64-cygwin\jdk8u241\331\hotspot\src\share\vm\prims\jvm.cpp, line 1502]
Event: 7.081 Thread 0x0000000002f74000 Exception <a 'java/security/PrivilegedActionException'> (0x000000076ce515a8) thrown at [C:\ade\jenkins\workspace\8-2-build-windows-amd64-cygwin\jdk8u241\331\hotspot\src\share\vm\prims\jvm.cpp, line 1502]
Event: 7.627 Thread 0x000000001f5c3800 Exception <a 'java/lang/NoSuchFieldError': method resolution failed> (0x000000076d5ab558) thrown at [C:\ade\jenkins\workspace\8-2-build-windows-amd64-cygwin\jdk8u241\331\hotspot\src\share\vm\prims\methodHandles.cpp, line 1167]
Event: 7.628 Thread 0x000000001f5c3800 Exception <a 'java/lang/NoSuchFieldError': method resolution failed> (0x000000076d5b8c18) thrown at [C:\ade\jenkins\workspace\8-2-build-windows-amd64-cygwin\jdk8u241\331\hotspot\src\share\vm\prims\methodHandles.cpp, line 1167]
Event: 9.586 Thread 0x000000001f5c3800 Exception <a 'java/io/FileNotFoundException'> (0x000000076e51ac58) thrown at [C:\ade\jenkins\workspace\8-2-build-windows-amd64-cygwin\jdk8u241\331\hotspot\src\share\vm\prims\jni.cpp, line 710]
Event: 10.204 Thread 0x000000001f5c3800 Implicit null exception at 0x000000000350ab03 to 0x000000000350af4d
Event: 168.796 Thread 0x000000001f5c3800 Implicit null exception at 0x0000000003637aa4 to 0x0000000003637b21
Event: 168.796 Thread 0x000000001f5c3800 Implicit null exception at 0x00000000036010de to 0x0000000003601461
Event: 169.506 Thread 0x000000001f5c3800 Implicit null exception at 0x0000000003357a7e to 0x0000000003357f15

Events (10 events):
Event: 169.546 Thread 0x000000001e7ea800 flushing nmethod 0x0000000003580390
Event: 169.546 Thread 0x000000001e7ea800 flushing nmethod 0x0000000003581390
Event: 169.546 Thread 0x000000001e7ea800 flushing nmethod 0x0000000003583690
Event: 169.546 Thread 0x000000001e7ea800 flushing nmethod 0x00000000035855d0
Event: 169.546 Thread 0x000000001e7ea800 flushing nmethod 0x0000000003585910
Event: 169.546 Thread 0x000000001e7ea800 flushing nmethod 0x0000000003585f90
Event: 169.546 Thread 0x000000001e7ea800 flushing nmethod 0x000000000358a550
Event: 169.546 Thread 0x000000001e7ea800 flushing nmethod 0x0000000003595850
Event: 169.559 loading class sprites/TileObject2
Event: 169.559 loading class sprites/TileObject2 done


Dynamic libraries:
0x00007ff7bea10000 - 0x00007ff7bea47000 	C:\Program Files\Java\jre1.8.0_241\bin\javaw.exe
0x00007ffc7f3f0000 - 0x00007ffc7f5d1000 	C:\WINDOWS\SYSTEM32\ntdll.dll
0x00007ffc78750000 - 0x00007ffc78763000 	C:\Program Files\AVAST Software\Avast\aswhook.dll
0x00007ffc7d330000 - 0x00007ffc7d3e1000 	C:\WINDOWS\System32\KERNEL32.DLL
0x00007ffc7b9a0000 - 0x00007ffc7bc13000 	C:\WINDOWS\System32\KERNELBASE.dll
0x00007ffc7d060000 - 0x00007ffc7d101000 	C:\WINDOWS\System32\ADVAPI32.dll
0x00007ffc7c870000 - 0x00007ffc7c90e000 	C:\WINDOWS\System32\msvcrt.dll
0x00007ffc7cc70000 - 0x00007ffc7cccb000 	C:\WINDOWS\System32\sechost.dll
0x00007ffc7c910000 - 0x00007ffc7ca34000 	C:\WINDOWS\System32\RPCRT4.dll
0x00007ffc7ed20000 - 0x00007ffc7eeb0000 	C:\WINDOWS\System32\USER32.dll
0x00007ffc7c3e0000 - 0x00007ffc7c400000 	C:\WINDOWS\System32\win32u.dll
0x00007ffc7d110000 - 0x00007ffc7d138000 	C:\WINDOWS\System32\GDI32.dll
0x00007ffc7b7a0000 - 0x00007ffc7b931000 	C:\WINDOWS\System32\gdi32full.dll
0x00007ffc7c340000 - 0x00007ffc7c3df000 	C:\WINDOWS\System32\msvcp_win.dll
0x00007ffc7c450000 - 0x00007ffc7c548000 	C:\WINDOWS\System32\ucrtbase.dll
0x00007ffc735b0000 - 0x00007ffc73819000 	C:\WINDOWS\WinSxS\amd64_microsoft.windows.common-controls_6595b64144ccf1df_6.0.17134.1488_none_d4038d277c8d0b7d\COMCTL32.dll
0x00007ffc7f070000 - 0x00007ffc7f391000 	C:\WINDOWS\System32\combase.dll
0x00007ffc7c7f0000 - 0x00007ffc7c869000 	C:\WINDOWS\System32\bcryptPrimitives.dll
0x00007ffc7cac0000 - 0x00007ffc7caed000 	C:\WINDOWS\System32\IMM32.DLL
0x00000000698b0000 - 0x0000000069982000 	C:\Program Files\Java\jre1.8.0_241\bin\msvcr100.dll
0x0000000069a70000 - 0x000000006a31c000 	C:\Program Files\Java\jre1.8.0_241\bin\server\jvm.dll
0x00007ffc7e8c0000 - 0x00007ffc7e8c8000 	C:\WINDOWS\System32\PSAPI.DLL
0x00007ffc72220000 - 0x00007ffc72229000 	C:\WINDOWS\SYSTEM32\WSOCK32.dll
0x00007ffc7e840000 - 0x00007ffc7e8ac000 	C:\WINDOWS\System32\WS2_32.dll
0x00007ffc71320000 - 0x00007ffc71343000 	C:\WINDOWS\SYSTEM32\WINMM.dll
0x00007ffc753e0000 - 0x00007ffc753ea000 	C:\WINDOWS\SYSTEM32\VERSION.dll
0x00007ffc71140000 - 0x00007ffc7116a000 	C:\WINDOWS\SYSTEM32\WINMMBASE.dll
0x00007ffc7c400000 - 0x00007ffc7c449000 	C:\WINDOWS\System32\cfgmgr32.dll
0x00007ffc50850000 - 0x00007ffc5085f000 	C:\Program Files\Java\jre1.8.0_241\bin\verify.dll
0x00007ffc36420000 - 0x00007ffc36449000 	C:\Program Files\Java\jre1.8.0_241\bin\java.dll
0x00007ffc36eb0000 - 0x00007ffc36ec6000 	C:\Program Files\Java\jre1.8.0_241\bin\zip.dll
0x00007ffc7d3f0000 - 0x00007ffc7e835000 	C:\WINDOWS\System32\SHELL32.dll
0x00007ffc7d280000 - 0x00007ffc7d329000 	C:\WINDOWS\System32\shcore.dll
0x00007ffc7bc20000 - 0x00007ffc7c331000 	C:\WINDOWS\System32\windows.storage.dll
0x00007ffc7ce60000 - 0x00007ffc7ceb1000 	C:\WINDOWS\System32\shlwapi.dll
0x00007ffc7b730000 - 0x00007ffc7b741000 	C:\WINDOWS\System32\kernel.appcore.dll
0x00007ffc7b760000 - 0x00007ffc7b77f000 	C:\WINDOWS\System32\profapi.dll
0x00007ffc7b6e0000 - 0x00007ffc7b72c000 	C:\WINDOWS\System32\powrprof.dll
0x00007ffc7b750000 - 0x00007ffc7b75a000 	C:\WINDOWS\System32\FLTLIB.DLL
0x0000000065ac0000 - 0x0000000065b0b000 	C:\Users\Manar\AppData\Local\Temp\libgdxManar\7d76f548\gdx64.dll
0x00007ffc7b4d0000 - 0x00007ffc7b4e7000 	C:\WINDOWS\SYSTEM32\CRYPTSP.dll
0x00007ffc7a750000 - 0x00007ffc7a783000 	C:\WINDOWS\system32\rsaenh.dll
0x00007ffc7b2d0000 - 0x00007ffc7b2f5000 	C:\WINDOWS\SYSTEM32\bcrypt.dll
0x00007ffc7b610000 - 0x00007ffc7b638000 	C:\WINDOWS\SYSTEM32\USERENV.dll
0x00007ffc72c30000 - 0x00007ffc72c4a000 	C:\Program Files\Java\jre1.8.0_241\bin\net.dll
0x00007ffc7abf0000 - 0x00007ffc7ac56000 	C:\WINDOWS\system32\mswsock.dll
0x00007ffc7a910000 - 0x00007ffc7a948000 	C:\WINDOWS\SYSTEM32\IPHLPAPI.DLL
0x00007ffc7e8b0000 - 0x00007ffc7e8b8000 	C:\WINDOWS\System32\NSI.dll
0x00007ffc75de0000 - 0x00007ffc75df6000 	C:\WINDOWS\SYSTEM32\dhcpcsvc6.DLL
0x00007ffc75dc0000 - 0x00007ffc75dda000 	C:\WINDOWS\SYSTEM32\dhcpcsvc.DLL
0x00007ffc72bc0000 - 0x00007ffc72bd2000 	C:\Program Files\Java\jre1.8.0_241\bin\nio.dll
0x0000000180000000 - 0x0000000180053000 	C:\Users\Manar\AppData\Local\Temp\libgdxManar\1cecf4f6\lwjgl64.dll
0x00007ffc651d0000 - 0x00007ffc652f0000 	C:\WINDOWS\SYSTEM32\OPENGL32.dll
0x00007ffc64d90000 - 0x00007ffc64dbc000 	C:\WINDOWS\SYSTEM32\GLU32.dll
0x0000000020290000 - 0x00000000202f4000 	C:\Users\Manar\AppData\Local\Temp\libgdxManar\1cecf4f6\OpenAL64.dll
0x00007ffc7ef10000 - 0x00007ffc7f061000 	C:\WINDOWS\System32\ole32.dll
0x00007ffc79710000 - 0x00007ffc797a8000 	C:\WINDOWS\system32\uxtheme.dll
0x00007ffc7ccd0000 - 0x00007ffc7cd70000 	C:\WINDOWS\System32\clbcatq.dll
0x00007ffc77740000 - 0x00007ffc778f5000 	C:\WINDOWS\System32\PROPSYS.dll
0x00007ffc7d1b0000 - 0x00007ffc7d272000 	C:\WINDOWS\System32\OLEAUT32.dll
0x00007ffc36ad0000 - 0x00007ffc36b5f000 	C:\WINDOWS\SYSTEM32\dsound.dll
0x00007ffc73f50000 - 0x00007ffc73fc6000 	C:\WINDOWS\System32\MMDevApi.dll
0x00007ffc7b4f0000 - 0x00007ffc7b517000 	C:\WINDOWS\System32\DEVOBJ.dll
0x00007ffc705a0000 - 0x00007ffc706cc000 	C:\WINDOWS\SYSTEM32\AUDIOSES.DLL
0x00007ffc771e0000 - 0x00007ffc7732d000 	C:\WINDOWS\SYSTEM32\wintypes.dll
0x00007ffc76960000 - 0x00007ffc7696a000 	C:\WINDOWS\SYSTEM32\AVRT.dll
0x00007ffc7caf0000 - 0x00007ffc7cc64000 	C:\WINDOWS\System32\MSCTF.dll
0x00007ffc79910000 - 0x00007ffc79939000 	C:\WINDOWS\system32\dwmapi.dll
0x00007ffc6c1c0000 - 0x00007ffc6c256000 	C:\WINDOWS\System32\TextInputFramework.dll
0x00007ffc70b80000 - 0x00007ffc70e9e000 	C:\WINDOWS\System32\CoreUIComponents.dll
0x00007ffc78cf0000 - 0x00007ffc78dca000 	C:\WINDOWS\System32\CoreMessaging.dll
0x00007ffc7a410000 - 0x00007ffc7a441000 	C:\WINDOWS\SYSTEM32\ntmarta.dll
0x00007ffc31ad0000 - 0x00007ffc3298f000 	C:\WINDOWS\System32\DriverStore\FileRepository\ki127390.inf_amd64_e1ccb879ece8f084\ig9icd64.dll
0x00007ffc76940000 - 0x00007ffc76953000 	C:\WINDOWS\SYSTEM32\WTSAPI32.dll
0x00007ffc7a0e0000 - 0x00007ffc7a19b000 	C:\WINDOWS\SYSTEM32\dxgi.dll
0x00007ffc69bf0000 - 0x00007ffc69c98000 	C:\WINDOWS\SYSTEM32\mscms.dll
0x00007ffc71360000 - 0x00007ffc71370000 	C:\WINDOWS\SYSTEM32\ColorAdapterClient.dll
0x00007ffc79620000 - 0x00007ffc79663000 	C:\WINDOWS\SYSTEM32\icm32.dll
0x00007ffc6cb30000 - 0x00007ffc6e8c5000 	C:\WINDOWS\System32\DriverStore\FileRepository\ki127390.inf_amd64_e1ccb879ece8f084\igc64.dll
0x0000000021370000 - 0x000000002141b000 	C:\Users\Manar\AppData\Local\Temp\libgdxManar\fd391f27\gdx-freetype64.dll
0x000000006e9c0000 - 0x000000006ea1b000 	C:\Users\Manar\AppData\Local\Temp\libgdxManar\b8f13a6a\gdx-box2d64.dll
0x00007ffc7b300000 - 0x00007ffc7b4c9000 	C:\WINDOWS\SYSTEM32\dbghelp.dll

VM Arguments:
jvm_args: -Dfile.encoding=Cp1256 
java_command: com.mygdx.game.desktop.DesktopLauncher
java_class_path (initial): E:\My World\College Projects\second year projects\second term\hercules-game-project\desktop\bin\main;\hercules-game-core\bin\default;E:\My World\College Projects\second year projects\second term\hercules-game-project\core\bin\main;C:\Users\Manar\.gradle\caches\modules-2\files-2.1\com.badlogicgames.gdx\gdx-tools\1.9.10\67524f012868e0cff57531b5bfda2781d00c6b1f\gdx-tools-1.9.10.jar;C:\Users\Manar\.gradle\caches\modules-2\files-2.1\com.badlogicgames.gdx\gdx-backend-lwjgl\1.9.10\8f88abd43500d94c486d25f04d642318da72773a\gdx-backend-lwjgl-1.9.10.jar;C:\Users\Manar\.gradle\caches\modules-2\files-2.1\com.badlogicgames.gdx\gdx-platform\1.9.10\1907b49f8363dd1ee37d273854a9cc3c741a6e66\gdx-platform-1.9.10-natives-desktop.jar;C:\Users\Manar\.gradle\caches\modules-2\files-2.1\com.badlogicgames.gdx\gdx-box2d-platform\1.9.10\91b19c283b24eec646a18e0e7b940c829920df4f\gdx-box2d-platform-1.9.10-natives-desktop.jar;C:\Users\Manar\.gradle\caches\modules-2\files-2.1\com.badlogicgames.gdx\gdx-bullet-platform\1.9.10\ad7c3c0fff16dacf0ff137407060f8b5841bbe8f\gdx-bullet-platform-1.9.10-natives-desktop.jar;C:\Users\Manar\.gradle\caches\modules-2\files-2.1\com.badlogicgames.gdx\gdx-freetype-platform\1.9.10\5c4b67db9c1d62383b718ce040c7cdb555d5b19f\gdx-freetype-platform-1.9.10-natives-desktop.jar;C:\Users\Manar\.gradle\caches\modules-2\files-2.1\com.badlogicgames.gdx\gdx-controllers-desktop\1.9.10\a718403da411eb0bf9773c548c8414e78a91f57c\gdx-controllers-desktop-1.9.10.jar;C:\Users\Manar\.gradle\caches\modules-2\files-2.1\com.badlogicgames.gdx\gdx-controllers-platform\1.9.10\704ce30819e2f32b540462d029a0496ebbf2f9fd\gdx-controllers-platform-1.9.10-natives-desktop.jar;C:\Users\Manar\.gradle\caches\modules-2\files-2.1\com.badlogicgames.gdx\gdx-backend-headless\1.9.10\d357526e6bb3d36b01b4f833ab42588e5285d487\gdx-backend-headless-1.9.10.jar;C:\Users\Manar\.gradle\caches\modules-2\files-2.1\com.badlogicgames.gdx\gdx-freetype\1.9.10\8853e4f08589a9feb4b851187909cfde8810e491\gdx-
Launcher Type: SUN_STANDARD

Environment Variables:
PATH=C:/Program Files/Java/jre1.8.0_241/bin/server;C:/Program Files/Java/jre1.8.0_241/bin;C:/Program Files/Java/jre1.8.0_241/lib/amd64;C:\Program Files\Python38\Scripts\;C:\Program Files\Python38\;C:\ProgramData\Oracle\Java\javapath;C:\Program Files (x86)\Common Files\Oracle\Java\javapath;C:\Program Files\Microsoft MPI\Bin\;C:\MinGw\bin;C:\MinGw\libexec\gcc\x86_64-w64-mingw32\7.3.0;C:\Program Files (x86)\Common Files\Intel\Shared Libraries\redist\intel64\compiler;C:\WINDOWS\system32;C:\WINDOWS;C:\WINDOWS\System32\Wbem;C:\WINDOWS\System32\WindowsPowerShell\v1.0\;C:\WINDOWS\System32\OpenSSH\;C:\Program Files\dotnet\;C:\Program Files (x86)\Microsoft SQL Server\150\DTS\Binn\;C:\Program Files (x86)\Microsoft SQL Server\140\Tools\Binn\;C:\Program Files\Microsoft SQL Server\140\Tools\Binn\;C:\Program Files (x86)\Microsoft SQL Server\140\DTS\Binn\;C:\Program Files\Microsoft SQL Server\140\DTS\Binn\;C:\Program Files\Microsoft SQL Server\Client SDK\ODBC\130\Tools\Binn\;C:\Program Files\Git\cmd;C:\Program Files\Git\mingw64\bin;C:\Program Files\Git\usr\bin;C:\Program Files\Microsoft SQL Server\130\Tools\Binn\;C:\Program Files\Microsoft SQL Server\Client SDK\ODBC\170\Tools\Binn\;C:\Program Files (x86)\Brackets\command;C:\src\flutter\bin;C:\Users\Manar\AppData\Local\Microsoft\WindowsApps;C:\MinGw;C:\Users\Manar\AppData\Local\Programs\Microsoft VS Code\bin;C:\src\flutter\bin;C:\Users\Manar\AppData\Local\GitHubDesktop\bin;C:\Users\Manar\eclipse\java-2019-12\eclipse;
USERNAME=Manar
OS=Windows_NT
PROCESSOR_IDENTIFIER=Intel64 Family 6 Model 142 Stepping 10, GenuineIntel



---------------  S Y S T E M  ---------------

OS: Windows 10.0 , 64 bit Build 17134 (10.0.17134.1425)

CPU:total 8 (initial active 8) (4 cores per cpu, 2 threads per core) family 6 model 142 stepping 10, cmov, cx8, fxsr, mmx, sse, sse2, sse3, ssse3, sse4.1, sse4.2, popcnt, avx, avx2, aes, clmul, erms, 3dnowpref, lzcnt, ht, tsc, tscinvbit, bmi1, bmi2, adx

Memory: 4k page, physical 16428448k(11308796k free), swap 18918816k(13044544k free)

vm_info: Java HotSpot(TM) 64-Bit Server VM (25.241-b07) for windows-amd64 JRE (1.8.0_241-b07), built on Dec 11 2019 10:21:40 by "rejava" with MS VC++ 10.0 (VS2010)

time: Fri Jul 24 09:34:46 2020
timezone: Egypt Standard Time
elapsed time: 169 seconds (0d 0h 2m 49s)

