#
# A fatal error has been detected by the Java Runtime Environment:
#
#  EXCEPTION_ACCESS_VIOLATION (0xc0000005) at pc=0x00007ffb3445436f, pid=3868, tid=0x0000000000004ac0
#
# JRE version: Java(TM) SE Runtime Environment (8.0_241-b07) (build 1.8.0_241-b07)
# Java VM: Java HotSpot(TM) 64-Bit Server VM (25.241-b07 mixed mode windows-amd64 compressed oops)
# Problematic frame:
# C  [msvcrt.dll+0x7436f]
#
# Failed to write core dump. Minidumps are not enabled by default on client versions of Windows
#
# If you would like to submit a bug report, please visit:
#   http://bugreport.java.com/bugreport/crash.jsp
# The crash happened outside the Java Virtual Machine in native code.
# See problematic frame for where to report the bug.
#

---------------  T H R E A D  ---------------

Current thread (0x000000001ead8800):  JavaThread "LWJGL Application" [_thread_in_native, id=19136, stack(0x0000000020e50000,0x0000000020f50000)]

siginfo: ExceptionCode=0xc0000005, writing address 0x000000002bd91000

Registers:
RAX=0x000000076e84b130, RBX=0x000000001ead89f8, RCX=0x000000002bd91020, RDX=0x0000000742abb0b0
RSP=0x0000000020f4e808, RBP=0x0000000020f4e8a0, RSI=0x0000000000001a68, RDI=0x0000000000000000
R8 =0x0000000000000000, R9 =0x00000000000002d1, R10=0x000000000000000c, R11=0x000000002bd90080
R12=0x000000076e84b130, R13=0x000000002bd90080, R14=0x0000000020f4e8d0, R15=0x000000001ead8800
RIP=0x00007ffb3445436f, EFLAGS=0x0000000000010202

Top of Stack: (sp=0x0000000020f4e808)
0x0000000020f4e808:   0000000065ac3a54 000000001ead89f8
0x0000000020f4e818:   0000000020f4e8a0 0000000000001a68
0x0000000020f4e828:   00007ffabb9fa0da 00000000203a0080
0x0000000020f4e838:   0000000000000148 000000076e84b018
0x0000000020f4e848:   0000000000000000 0000000020f4e8e0
0x0000000020f4e858:   0000000000000000 0000000000000000
0x0000000020f4e868:   00000000028a876e 0000000000000000
0x0000000020f4e878:   000000002ae8ac80 0000000000000010
0x0000000020f4e888:   00000000028f541c 0000000000001a68
0x0000000020f4e898:   0000000000000000 000000076e84b120
0x0000000020f4e8a8:   000000076e84b018 000000002a9e3c60
0x0000000020f4e8b8:   00007ffabba6b391 00007ffabbd2cf10
0x0000000020f4e8c8:   0000000000000000 000000077060f698
0x0000000020f4e8d8:   00000000028a876e 0000000000004e20
0x0000000020f4e8e8:   00000000028a819c 0000000020428a70
0x0000000020f4e8f8:   0000000000000001 00000000203a0080 

Instructions: (pc=0x00007ffb3445436f)
0x00007ffb3445434f:   49 81 f9 00 20 00 00 0f 87 76 00 00 00 49 83 e0
0x00007ffb3445435f:   1f f3 0f 6f 04 11 f3 0f 6f 4c 11 10 48 83 c1 20
0x00007ffb3445436f:   66 0f 7f 41 e0 66 0f 7f 49 f0 49 ff c9 75 e2 e9
0x00007ffb3445437f:   4f ff ff ff 66 66 66 66 66 66 66 0f 1f 84 00 00 


Register to memory mapping:

RAX=0x000000076e84b130 is an oop

[error occurred during error reporting (printing register info), id 0xc0000005]

Stack: [0x0000000020e50000,0x0000000020f50000],  sp=0x0000000020f4e808,  free space=1018k
Native frames: (J=compiled Java code, j=interpreted, Vv=VM code, C=native code)
C  [msvcrt.dll+0x7436f]
C  [gdx64.dll+0x3a54]
C  0x00000000028a876e

Java frames: (J=compiled Java code, j=interpreted, Vv=VM code)
J 1067  com.badlogic.gdx.utils.BufferUtils.copyJni([FLjava/nio/Buffer;II)V (0 bytes) @ 0x00000000028a86f0 [0x00000000028a8680+0x70]
J 1066 C1 com.badlogic.gdx.utils.BufferUtils.copy([FLjava/nio/Buffer;II)V (45 bytes) @ 0x00000000028a819c [0x00000000028a7d40+0x45c]
J 1092 C1 com.badlogic.gdx.graphics.glutils.VertexArray.setVertices([FII)V (29 bytes) @ 0x00000000028c107c [0x00000000028c0fe0+0x9c]
J 1080 C1 com.badlogic.gdx.graphics.g2d.SpriteBatch.flush()V (193 bytes) @ 0x00000000028b47fc [0x00000000028b4280+0x57c]
J 1118 C1 com.badlogic.gdx.graphics.g2d.SpriteBatch.switchTexture(Lcom/badlogic/gdx/graphics/Texture;)V (32 bytes) @ 0x00000000028c918c [0x00000000028c9100+0x8c]
J 1063 C2 com.badlogic.gdx.maps.tiled.renderers.OrthogonalTiledMapRenderer.renderTileLayer(Lcom/badlogic/gdx/maps/tiled/TiledMapTileLayer;)V (991 bytes) @ 0x00000000028af0c0 [0x00000000028ae9a0+0x720]
J 1051 C1 com.badlogic.gdx.maps.tiled.renderers.BatchTiledMapRenderer.renderMapLayer(Lcom/badlogic/gdx/maps/MapLayer;)V (108 bytes) @ 0x00000000028a6314 [0x00000000028a5480+0xe94]
J 1154 C1 com.badlogic.gdx.maps.tiled.renderers.BatchTiledMapRenderer.render()V (47 bytes) @ 0x00000000028ef08c [0x00000000028eea60+0x62c]
j  screens.PlayScreen.render(F)V+32
j  com.badlogic.gdx.Game.render()V+19
j  hercules.game.main.render()V+1
j  com.badlogic.gdx.backends.lwjgl.LwjglApplication.mainLoop()V+770
j  com.badlogic.gdx.backends.lwjgl.LwjglApplication$1.run()V+27
v  ~StubRoutines::call_stub

---------------  P R O C E S S  ---------------

Java Threads: ( => current thread )
  0x000000002af71800 JavaThread "LWJGL Timer" daemon [_thread_blocked, id=9036, stack(0x0000000030b00000,0x0000000030c00000)]
  0x0000000002324000 JavaThread "DestroyJavaVM" [_thread_blocked, id=17616, stack(0x0000000002210000,0x0000000002310000)]
=>0x000000001ead8800 JavaThread "LWJGL Application" [_thread_in_native, id=19136, stack(0x0000000020e50000,0x0000000020f50000)]
  0x000000001ddbe000 JavaThread "SeedGenerator Thread" daemon [_thread_blocked, id=16004, stack(0x000000001f550000,0x000000001f650000)]
  0x000000001dc03000 JavaThread "Service Thread" daemon [_thread_blocked, id=19504, stack(0x000000001e710000,0x000000001e810000)]
  0x000000001db7d000 JavaThread "C1 CompilerThread3" daemon [_thread_blocked, id=9260, stack(0x000000001e610000,0x000000001e710000)]
  0x000000001db79800 JavaThread "C2 CompilerThread2" daemon [_thread_blocked, id=3020, stack(0x000000001e510000,0x000000001e610000)]
  0x000000001db29000 JavaThread "C2 CompilerThread1" daemon [_thread_blocked, id=8316, stack(0x000000001e410000,0x000000001e510000)]
  0x000000001db27000 JavaThread "C2 CompilerThread0" daemon [_thread_blocked, id=21348, stack(0x000000001e310000,0x000000001e410000)]
  0x000000001db25000 JavaThread "Attach Listener" daemon [_thread_blocked, id=8804, stack(0x000000001e210000,0x000000001e310000)]
  0x000000001db70800 JavaThread "Signal Dispatcher" daemon [_thread_blocked, id=2432, stack(0x000000001e110000,0x000000001e210000)]
  0x000000001db10800 JavaThread "Finalizer" daemon [_thread_blocked, id=16356, stack(0x000000001def0000,0x000000001dff0000)]
  0x000000000241c000 JavaThread "Reference Handler" daemon [_thread_blocked, id=2984, stack(0x000000001d9f0000,0x000000001daf0000)]

Other Threads:
  0x000000001bc29800 VMThread [stack: 0x000000001d8f0000,0x000000001d9f0000] [id=5616]
  0x000000001dc1d800 WatcherThread [stack: 0x000000001e810000,0x000000001e910000] [id=240]

VM state:not at safepoint (normal execution)

VM Mutex/Monitor currently owned by a thread: None

heap address: 0x00000006c5400000, size: 4012 MB, Compressed Oops mode: Zero based, Oop shift amount: 3
Narrow klass base: 0x0000000000000000, Narrow klass shift: 3
Compressed class space size: 1073741824 Address: 0x00000007c0000000

Heap:
 PSYoungGen      total 75264K, used 41795K [0x000000076c700000, 0x0000000771b00000, 0x00000007c0000000)
  eden space 64512K, 59% used [0x000000076c700000,0x000000076ec64278,0x0000000770600000)
  from space 10752K, 32% used [0x0000000770600000,0x000000077096ca68,0x0000000771080000)
  to   space 10752K, 0% used [0x0000000771080000,0x0000000771080000,0x0000000771b00000)
 ParOldGen       total 172032K, used 32776K [0x00000006c5400000, 0x00000006cfc00000, 0x000000076c700000)
  object space 172032K, 19% used [0x00000006c5400000,0x00000006c7402010,0x00000006cfc00000)
 Metaspace       used 8799K, capacity 9003K, committed 9216K, reserved 1056768K
  class space    used 844K, capacity 924K, committed 1024K, reserved 1048576K

Card table byte_map: [0x00000000117e0000,0x0000000011fc0000] byte_map_base: 0x000000000e1b6000

Marking Bits: (ParMarkBitMap*) 0x0000000060a1be30
 Begin Bits: [0x0000000012d00000, 0x0000000016bb0000)
 End Bits:   [0x0000000016bb0000, 0x000000001aa60000)

Polling page: 0x0000000002180000

CodeCache: size=245760Kb used=5058Kb max_used=5082Kb free=240701Kb
 bounds [0x0000000002420000, 0x0000000002920000, 0x0000000011420000]
 total_blobs=1706 nmethods=1200 adapters=419
 compilation: enabled

Compilation events (10 events):
Event: 11.221 Thread 0x000000001db7d000 1201       3       com.badlogic.gdx.backends.lwjgl.LwjglGL20::glBindBuffer (6 bytes)
Event: 11.222 Thread 0x000000001db7d000 nmethod 1201 0x0000000002910fd0 code [0x00000000029111c0, 0x00000000029119e8]
Event: 11.222 Thread 0x000000001db7d000 1202       3       org.lwjgl.opengl.GL15::glBindBuffer (26 bytes)
Event: 11.222 Thread 0x000000001db7d000 nmethod 1202 0x0000000002911f90 code [0x0000000002912180, 0x0000000002912908]
Event: 11.230 Thread 0x000000001db7d000 1204       3       com.badlogic.gdx.graphics.g2d.SpriteBatch::setProjectionMatrix (32 bytes)
Event: 11.230 Thread 0x000000001db7d000 nmethod 1204 0x000000000290e2d0 code [0x000000000290e480, 0x000000000290e888]
Event: 11.247 Thread 0x000000001db7d000 1207       3       com.badlogic.gdx.graphics.glutils.ImmediateModeRenderer20::flush (113 bytes)
Event: 11.249 Thread 0x000000001db7d000 nmethod 1207 0x0000000002913450 code [0x00000000029138a0, 0x0000000002915638]
Event: 11.847 Thread 0x000000001db27000 1208       4       java.lang.ref.Reference::<init> (25 bytes)
Event: 11.848 Thread 0x000000001db27000 nmethod 1208 0x00000000028ca750 code [0x00000000028ca880, 0x00000000028ca938]

GC Heap History (2 events):
Event: 7.709 GC heap before
{Heap before GC invocations=1 (full 0):
 PSYoungGen      total 75264K, used 50730K [0x000000076c700000, 0x0000000771b00000, 0x00000007c0000000)
  eden space 64512K, 78% used [0x000000076c700000,0x000000076f88aaa8,0x0000000770600000)
  from space 10752K, 0% used [0x0000000771080000,0x0000000771080000,0x0000000771b00000)
  to   space 10752K, 0% used [0x0000000770600000,0x0000000770600000,0x0000000771080000)
 ParOldGen       total 172032K, used 32768K [0x00000006c5400000, 0x00000006cfc00000, 0x000000076c700000)
  object space 172032K, 19% used [0x00000006c5400000,0x00000006c7400010,0x00000006cfc00000)
 Metaspace       used 7618K, capacity 7787K, committed 8064K, reserved 1056768K
  class space    used 739K, capacity 796K, committed 896K, reserved 1048576K
Event: 7.713 GC heap after
Heap after GC invocations=1 (full 0):
 PSYoungGen      total 75264K, used 3506K [0x000000076c700000, 0x0000000771b00000, 0x00000007c0000000)
  eden space 64512K, 0% used [0x000000076c700000,0x000000076c700000,0x0000000770600000)
  from space 10752K, 32% used [0x0000000770600000,0x000000077096ca68,0x0000000771080000)
  to   space 10752K, 0% used [0x0000000771080000,0x0000000771080000,0x0000000771b00000)
 ParOldGen       total 172032K, used 32776K [0x00000006c5400000, 0x00000006cfc00000, 0x000000076c700000)
  object space 172032K, 19% used [0x00000006c5400000,0x00000006c7402010,0x00000006cfc00000)
 Metaspace       used 7618K, capacity 7787K, committed 8064K, reserved 1056768K
  class space    used 739K, capacity 796K, committed 896K, reserved 1048576K
}

Deoptimization events (10 events):
Event: 6.714 Thread 0x000000001ead8800 Uncommon trap: reason=unstable_if action=reinterpret pc=0x000000000274e6f0 method=javazoom.jl.decoder.LayerIIIDecoder.inv_mdct([F[FI)V @ 56
Event: 6.892 Thread 0x000000001ead8800 Uncommon trap: reason=unstable_if action=reinterpret pc=0x00000000027a9894 method=javazoom.jl.decoder.LayerIIIDecoder.dequantize_sample([[FII)V @ 213
Event: 7.692 Thread 0x000000001ead8800 Uncommon trap: reason=unstable_if action=reinterpret pc=0x000000000279f220 method=javazoom.jl.decoder.LayerIIIDecoder.decode()V @ 150
Event: 7.709 Thread 0x000000001ead8800 Uncommon trap: reason=unstable_if action=reinterpret pc=0x00000000027b33e8 method=java.io.BufferedInputStream.read1([BII)I @ 60
Event: 7.709 Thread 0x000000001ead8800 Uncommon trap: reason=unstable_if action=reinterpret pc=0x00000000027a2d54 method=javazoom.jl.decoder.Bitstream.readBytes([BII)I @ 22
Event: 7.709 Thread 0x000000001ead8800 Uncommon trap: reason=unstable_if action=reinterpret pc=0x0000000002797e80 method=javazoom.jl.decoder.Bitstream.readBytes([BII)I @ 22
Event: 7.709 Thread 0x000000001ead8800 Uncommon trap: reason=uninitialized action=reinterpret pc=0x00000000027a4b38 method=javazoom.jl.decoder.Bitstream.readFrame()Ljavazoom/jl/decoder/Header; @ 33
Event: 7.872 Thread 0x000000001ead8800 Uncommon trap: reason=predicate action=maybe_recompile pc=0x000000000283639c method=com.badlogic.gdx.maps.tiled.TiledMapTileSets.getTile(I)Lcom/badlogic/gdx/maps/tiled/TiledMapTile; @ 14
Event: 7.872 Thread 0x000000001ead8800 Uncommon trap: reason=unstable_if action=reinterpret pc=0x0000000002833380 method=com.badlogic.gdx.utils.IntMap.get(I)Ljava/lang/Object; @ 1
Event: 11.851 Thread 0x000000001ead8800 Uncommon trap: reason=unstable_if action=reinterpret pc=0x00000000028cbe74 method=com.badlogic.gdx.utils.Array.iterator()Ljava/util/Iterator; @ 20

Classes redefined (0 events):
No events

Internal exceptions (10 events):
Event: 0.744 Thread 0x0000000002324000 Exception <a 'java/security/PrivilegedActionException'> (0x000000076cab7d88) thrown at [C:\ade\jenkins\workspace\8-2-build-windows-amd64-cygwin\jdk8u241\331\hotspot\src\share\vm\prims\jvm.cpp, line 1502]
Event: 5.807 Thread 0x0000000002324000 Exception <a 'java/security/PrivilegedActionException'> (0x000000076ce24610) thrown at [C:\ade\jenkins\workspace\8-2-build-windows-amd64-cygwin\jdk8u241\331\hotspot\src\share\vm\prims\jvm.cpp, line 1502]
Event: 5.807 Thread 0x0000000002324000 Exception <a 'java/security/PrivilegedActionException'> (0x000000076ce262e8) thrown at [C:\ade\jenkins\workspace\8-2-build-windows-amd64-cygwin\jdk8u241\331\hotspot\src\share\vm\prims\jvm.cpp, line 1502]
Event: 5.807 Thread 0x0000000002324000 Exception <a 'java/security/PrivilegedActionException'> (0x000000076ce27458) thrown at [C:\ade\jenkins\workspace\8-2-build-windows-amd64-cygwin\jdk8u241\331\hotspot\src\share\vm\prims\jvm.cpp, line 1502]
Event: 5.807 Thread 0x0000000002324000 Exception <a 'java/security/PrivilegedActionException'> (0x000000076ce2c5c0) thrown at [C:\ade\jenkins\workspace\8-2-build-windows-amd64-cygwin\jdk8u241\331\hotspot\src\share\vm\prims\jvm.cpp, line 1502]
Event: 5.807 Thread 0x0000000002324000 Exception <a 'java/security/PrivilegedActionException'> (0x000000076ce2d218) thrown at [C:\ade\jenkins\workspace\8-2-build-windows-amd64-cygwin\jdk8u241\331\hotspot\src\share\vm\prims\jvm.cpp, line 1502]
Event: 5.807 Thread 0x0000000002324000 Exception <a 'java/security/PrivilegedActionException'> (0x000000076ce2de40) thrown at [C:\ade\jenkins\workspace\8-2-build-windows-amd64-cygwin\jdk8u241\331\hotspot\src\share\vm\prims\jvm.cpp, line 1502]
Event: 6.397 Thread 0x000000001ead8800 Exception <a 'java/lang/NoSuchFieldError': method resolution failed> (0x000000076d6d6f48) thrown at [C:\ade\jenkins\workspace\8-2-build-windows-amd64-cygwin\jdk8u241\331\hotspot\src\share\vm\prims\methodHandles.cpp, line 1167]
Event: 6.398 Thread 0x000000001ead8800 Exception <a 'java/lang/NoSuchFieldError': method resolution failed> (0x000000076d6e4608) thrown at [C:\ade\jenkins\workspace\8-2-build-windows-amd64-cygwin\jdk8u241\331\hotspot\src\share\vm\prims\methodHandles.cpp, line 1167]
Event: 11.851 Thread 0x000000001ead8800 Implicit null exception at 0x00000000028cbde4 to 0x00000000028cbe61

Events (10 events):
Event: 11.848 Thread 0x000000001db27000 flushing nmethod 0x00000000025231d0
Event: 11.848 Thread 0x000000001db27000 flushing nmethod 0x0000000002524010
Event: 11.848 Thread 0x000000001db27000 flushing nmethod 0x000000000252dd10
Event: 11.848 Thread 0x000000001db27000 flushing nmethod 0x000000000252ea90
Event: 11.848 Thread 0x000000001db27000 flushing nmethod 0x00000000025304d0
Event: 11.848 Thread 0x000000001db27000 flushing nmethod 0x0000000002533e90
Event: 11.848 Thread 0x000000001db27000 flushing nmethod 0x0000000002535350
Event: 11.851 Thread 0x000000001ead8800 Uncommon trap: trap_request=0xffffff65 fr.pc=0x00000000028cbe74
Event: 11.851 Thread 0x000000001ead8800 DEOPT PACKING pc=0x00000000028cbe74 sp=0x0000000020f4ebc0
Event: 11.851 Thread 0x000000001ead8800 DEOPT UNPACKING pc=0x000000000246583b sp=0x0000000020f4eb68 mode 2


Dynamic libraries:
0x00007ff797d70000 - 0x00007ff797da7000 	C:\Program Files\Java\jre1.8.0_241\bin\javaw.exe
0x00007ffb35240000 - 0x00007ffb35421000 	C:\WINDOWS\SYSTEM32\ntdll.dll
0x00007ffb20320000 - 0x00007ffb20335000 	C:\Program Files\AVAST Software\Avast\aswhook.dll
0x00007ffb350f0000 - 0x00007ffb351a1000 	C:\WINDOWS\System32\KERNEL32.DLL
0x00007ffb31b10000 - 0x00007ffb31d83000 	C:\WINDOWS\System32\KERNELBASE.dll
0x00007ffb342f0000 - 0x00007ffb34391000 	C:\WINDOWS\System32\ADVAPI32.dll
0x00007ffb343e0000 - 0x00007ffb3447e000 	C:\WINDOWS\System32\msvcrt.dll
0x00007ffb351b0000 - 0x00007ffb3520b000 	C:\WINDOWS\System32\sechost.dll
0x00007ffb34080000 - 0x00007ffb341a4000 	C:\WINDOWS\System32\RPCRT4.dll
0x00007ffb34480000 - 0x00007ffb34610000 	C:\WINDOWS\System32\USER32.dll
0x00007ffb31900000 - 0x00007ffb31920000 	C:\WINDOWS\System32\win32u.dll
0x00007ffb343b0000 - 0x00007ffb343d8000 	C:\WINDOWS\System32\GDI32.dll
0x00007ffb31e10000 - 0x00007ffb31fa1000 	C:\WINDOWS\System32\gdi32full.dll
0x00007ffb31760000 - 0x00007ffb317ff000 	C:\WINDOWS\System32\msvcp_win.dll
0x00007ffb31800000 - 0x00007ffb318f8000 	C:\WINDOWS\System32\ucrtbase.dll
0x00007ffb21850000 - 0x00007ffb21ab9000 	C:\WINDOWS\WinSxS\amd64_microsoft.windows.common-controls_6595b64144ccf1df_6.0.17134.1365_none_d401d10f7c8e8b9b\COMCTL32.dll
0x00007ffb34dc0000 - 0x00007ffb350e1000 	C:\WINDOWS\System32\combase.dll
0x00007ffb31d90000 - 0x00007ffb31e09000 	C:\WINDOWS\System32\bcryptPrimitives.dll
0x00007ffb326c0000 - 0x00007ffb326ed000 	C:\WINDOWS\System32\IMM32.DLL
0x000000005fd00000 - 0x000000005fdd2000 	C:\Program Files\Java\jre1.8.0_241\bin\msvcr100.dll
0x00000000601f0000 - 0x0000000060a9c000 	C:\Program Files\Java\jre1.8.0_241\bin\server\jvm.dll
0x00007ffb34d50000 - 0x00007ffb34d58000 	C:\WINDOWS\System32\PSAPI.DLL
0x00007ffb212d0000 - 0x00007ffb212d9000 	C:\WINDOWS\SYSTEM32\WSOCK32.dll
0x00007ffb34280000 - 0x00007ffb342ec000 	C:\WINDOWS\System32\WS2_32.dll
0x00007ffb2b6a0000 - 0x00007ffb2b6c3000 	C:\WINDOWS\SYSTEM32\WINMM.dll
0x00007ffb29860000 - 0x00007ffb2986a000 	C:\WINDOWS\SYSTEM32\VERSION.dll
0x00007ffb2b670000 - 0x00007ffb2b69a000 	C:\WINDOWS\SYSTEM32\WINMMBASE.dll
0x00007ffb31660000 - 0x00007ffb316a9000 	C:\WINDOWS\System32\cfgmgr32.dll
0x00007ffb2aad0000 - 0x00007ffb2aadf000 	C:\Program Files\Java\jre1.8.0_241\bin\verify.dll
0x00007ffb24300000 - 0x00007ffb24329000 	C:\Program Files\Java\jre1.8.0_241\bin\java.dll
0x00007ffb2a550000 - 0x00007ffb2a566000 	C:\Program Files\Java\jre1.8.0_241\bin\zip.dll
0x00007ffb329a0000 - 0x00007ffb33de5000 	C:\WINDOWS\System32\SHELL32.dll
0x00007ffb326f0000 - 0x00007ffb32799000 	C:\WINDOWS\System32\shcore.dll
0x00007ffb31fb0000 - 0x00007ffb326c0000 	C:\WINDOWS\System32\windows.storage.dll
0x00007ffb33e80000 - 0x00007ffb33ed1000 	C:\WINDOWS\System32\shlwapi.dll
0x00007ffb31560000 - 0x00007ffb31571000 	C:\WINDOWS\System32\kernel.appcore.dll
0x00007ffb31580000 - 0x00007ffb3159f000 	C:\WINDOWS\System32\profapi.dll
0x00007ffb315b0000 - 0x00007ffb315fc000 	C:\WINDOWS\System32\powrprof.dll
0x00007ffb315a0000 - 0x00007ffb315aa000 	C:\WINDOWS\System32\FLTLIB.DLL
0x0000000065ac0000 - 0x0000000065b0b000 	C:\Users\Manar\AppData\Local\Temp\libgdxManar\7d76f548\gdx64.dll
0x00007ffb30f80000 - 0x00007ffb30f97000 	C:\WINDOWS\SYSTEM32\CRYPTSP.dll
0x00007ffb30970000 - 0x00007ffb309a3000 	C:\WINDOWS\system32\rsaenh.dll
0x00007ffb310a0000 - 0x00007ffb310c5000 	C:\WINDOWS\SYSTEM32\bcrypt.dll
0x00007ffb31470000 - 0x00007ffb31498000 	C:\WINDOWS\SYSTEM32\USERENV.dll
0x00007ffb28030000 - 0x00007ffb2804a000 	C:\Program Files\Java\jre1.8.0_241\bin\net.dll
0x00007ffb30dc0000 - 0x00007ffb30e26000 	C:\WINDOWS\system32\mswsock.dll
0x00007ffb30b10000 - 0x00007ffb30b48000 	C:\WINDOWS\SYSTEM32\IPHLPAPI.DLL
0x00007ffb343a0000 - 0x00007ffb343a8000 	C:\WINDOWS\System32\NSI.dll
0x00007ffb2a7b0000 - 0x00007ffb2a7c6000 	C:\WINDOWS\SYSTEM32\dhcpcsvc6.DLL
0x00007ffb2ad30000 - 0x00007ffb2ad4a000 	C:\WINDOWS\SYSTEM32\dhcpcsvc.DLL
0x00007ffb242e0000 - 0x00007ffb242f2000 	C:\Program Files\Java\jre1.8.0_241\bin\nio.dll
0x0000000180000000 - 0x0000000180053000 	C:\Users\Manar\AppData\Local\Temp\libgdxManar\1cecf4f6\lwjgl64.dll
0x00007ffb1bb40000 - 0x00007ffb1bc60000 	C:\WINDOWS\SYSTEM32\OPENGL32.dll
0x00007ffb1bb10000 - 0x00007ffb1bb3c000 	C:\WINDOWS\SYSTEM32\GLU32.dll
0x000000001f690000 - 0x000000001f6f4000 	C:\Users\Manar\AppData\Local\Temp\libgdxManar\1cecf4f6\OpenAL64.dll
0x00007ffb327a0000 - 0x00007ffb328f1000 	C:\WINDOWS\System32\ole32.dll
0x00007ffb2ee20000 - 0x00007ffb2eeb8000 	C:\WINDOWS\system32\uxtheme.dll
0x00007ffb32900000 - 0x00007ffb329a0000 	C:\WINDOWS\System32\clbcatq.dll
0x00007ffb2fab0000 - 0x00007ffb2fc65000 	C:\WINDOWS\System32\PROPSYS.dll
0x00007ffb341b0000 - 0x00007ffb34272000 	C:\WINDOWS\System32\OLEAUT32.dll
0x00007ffb2a9b0000 - 0x00007ffb2aa3f000 	C:\WINDOWS\SYSTEM32\dsound.dll
0x00007ffb28d90000 - 0x00007ffb28e06000 	C:\WINDOWS\System32\MMDevApi.dll
0x00007ffb31370000 - 0x00007ffb31397000 	C:\WINDOWS\System32\DEVOBJ.dll
0x00007ffb1f4b0000 - 0x00007ffb1f5dc000 	C:\WINDOWS\SYSTEM32\AUDIOSES.DLL
0x00007ffb2d130000 - 0x00007ffb2d27d000 	C:\WINDOWS\SYSTEM32\wintypes.dll
0x00007ffb2d0f0000 - 0x00007ffb2d0fa000 	C:\WINDOWS\SYSTEM32\AVRT.dll
0x00007ffb34610000 - 0x00007ffb34783000 	C:\WINDOWS\System32\MSCTF.dll
0x00007ffb2f070000 - 0x00007ffb2f099000 	C:\WINDOWS\system32\dwmapi.dll
0x00007ffb29c40000 - 0x00007ffb29cd6000 	C:\WINDOWS\System32\TextInputFramework.dll
0x00007ffb2ad90000 - 0x00007ffb2b0ae000 	C:\WINDOWS\System32\CoreUIComponents.dll
0x00007ffb2ea70000 - 0x00007ffb2eb4a000 	C:\WINDOWS\System32\CoreMessaging.dll
0x00007ffb30600000 - 0x00007ffb30631000 	C:\WINDOWS\SYSTEM32\ntmarta.dll
0x00007ffabb9a0000 - 0x00007ffabc85f000 	C:\WINDOWS\System32\DriverStore\FileRepository\ki127390.inf_amd64_e1ccb879ece8f084\ig9icd64.dll
0x00007ffb2cae0000 - 0x00007ffb2caf3000 	C:\WINDOWS\SYSTEM32\WTSAPI32.dll
0x00007ffb302d0000 - 0x00007ffb3038b000 	C:\WINDOWS\SYSTEM32\dxgi.dll
0x00007ffb037a0000 - 0x00007ffb03848000 	C:\WINDOWS\SYSTEM32\mscms.dll
0x00007ffb2a5c0000 - 0x00007ffb2a5d0000 	C:\WINDOWS\SYSTEM32\ColorAdapterClient.dll
0x00007ffaf4be0000 - 0x00007ffaf4c23000 	C:\WINDOWS\SYSTEM32\icm32.dll
0x00007ffb24c90000 - 0x00007ffb26a25000 	C:\WINDOWS\System32\DriverStore\FileRepository\ki127390.inf_amd64_e1ccb879ece8f084\igc64.dll
0x000000006e9c0000 - 0x000000006ea1b000 	C:\Users\Manar\AppData\Local\Temp\libgdxManar\b8f13a6a\gdx-box2d64.dll
0x00007ffb2fe50000 - 0x00007ffb30019000 	C:\WINDOWS\SYSTEM32\dbghelp.dll

VM Arguments:
jvm_args: -Dfile.encoding=Cp1256 
java_command: com.mygdx.game.desktop.DesktopLauncher
java_class_path (initial): E:\programming\second year projects\second term\hercules-game-project\desktop\bin\main;\hercules-game-core\bin\default;E:\programming\second year projects\second term\hercules-game-project\core\bin\main;C:\Users\Manar\.gradle\caches\modules-2\files-2.1\com.badlogicgames.gdx\gdx-tools\1.9.10\67524f012868e0cff57531b5bfda2781d00c6b1f\gdx-tools-1.9.10.jar;C:\Users\Manar\.gradle\caches\modules-2\files-2.1\com.badlogicgames.gdx\gdx-backend-lwjgl\1.9.10\8f88abd43500d94c486d25f04d642318da72773a\gdx-backend-lwjgl-1.9.10.jar;C:\Users\Manar\.gradle\caches\modules-2\files-2.1\com.badlogicgames.gdx\gdx-platform\1.9.10\1907b49f8363dd1ee37d273854a9cc3c741a6e66\gdx-platform-1.9.10-natives-desktop.jar;C:\Users\Manar\.gradle\caches\modules-2\files-2.1\com.badlogicgames.gdx\gdx-box2d-platform\1.9.10\91b19c283b24eec646a18e0e7b940c829920df4f\gdx-box2d-platform-1.9.10-natives-desktop.jar;C:\Users\Manar\.gradle\caches\modules-2\files-2.1\com.badlogicgames.gdx\gdx-bullet-platform\1.9.10\ad7c3c0fff16dacf0ff137407060f8b5841bbe8f\gdx-bullet-platform-1.9.10-natives-desktop.jar;C:\Users\Manar\.gradle\caches\modules-2\files-2.1\com.badlogicgames.gdx\gdx-freetype-platform\1.9.10\5c4b67db9c1d62383b718ce040c7cdb555d5b19f\gdx-freetype-platform-1.9.10-natives-desktop.jar;C:\Users\Manar\.gradle\caches\modules-2\files-2.1\com.badlogicgames.gdx\gdx-controllers-desktop\1.9.10\a718403da411eb0bf9773c548c8414e78a91f57c\gdx-controllers-desktop-1.9.10.jar;C:\Users\Manar\.gradle\caches\modules-2\files-2.1\com.badlogicgames.gdx\gdx-controllers-platform\1.9.10\704ce30819e2f32b540462d029a0496ebbf2f9fd\gdx-controllers-platform-1.9.10-natives-desktop.jar;C:\Users\Manar\.gradle\caches\modules-2\files-2.1\com.badlogicgames.gdx\gdx-backend-headless\1.9.10\d357526e6bb3d36b01b4f833ab42588e5285d487\gdx-backend-headless-1.9.10.jar;C:\Users\Manar\.gradle\caches\modules-2\files-2.1\com.badlogicgames.gdx\gdx-freetype\1.9.10\8853e4f08589a9feb4b851187909cfde8810e491\gdx-freetype-1.9.10.jar;C:\Users
Launcher Type: SUN_STANDARD

Environment Variables:
PATH=C:/Program Files/Java/jre1.8.0_241/bin/server;C:/Program Files/Java/jre1.8.0_241/bin;C:/Program Files/Java/jre1.8.0_241/lib/amd64;C:\ProgramData\Oracle\Java\javapath;C:\Program Files (x86)\Common Files\Oracle\Java\javapath;C:\Program Files\Microsoft MPI\Bin\;C:\MinGw\bin;C:\MinGw\libexec\gcc\x86_64-w64-mingw32\7.3.0;C:\Program Files (x86)\Common Files\Intel\Shared Libraries\redist\intel64\compiler;C:\WINDOWS\system32;C:\WINDOWS;C:\WINDOWS\System32\Wbem;C:\WINDOWS\System32\WindowsPowerShell\v1.0\;C:\WINDOWS\System32\OpenSSH\;C:\Program Files\dotnet\;C:\Program Files (x86)\Microsoft SQL Server\150\DTS\Binn\;C:\Program Files (x86)\Microsoft SQL Server\140\Tools\Binn\;C:\Program Files\Microsoft SQL Server\140\Tools\Binn\;C:\Program Files (x86)\Microsoft SQL Server\140\DTS\Binn\;C:\Program Files\Microsoft SQL Server\140\DTS\Binn\;C:\Program Files\Microsoft SQL Server\Client SDK\ODBC\130\Tools\Binn\;C:\Program Files\Git\cmd;C:\Program Files\Git\mingw64\bin;C:\Program Files\Git\usr\bin;C:\Program Files\Microsoft SQL Server\130\Tools\Binn\;C:\Program Files\Microsoft SQL Server\Client SDK\ODBC\170\Tools\Binn\;C:\Program Files (x86)\Brackets\command;C:\src\flutter\bin;C:\Users\Manar\AppData\Local\Microsoft\WindowsApps;C:\MinGw;C:\Users\Manar\AppData\Local\Programs\Microsoft VS Code\bin;C:\src\flutter\bin;;C:\Users\Manar\eclipse\java-2019-12\eclipse;
USERNAME=Manar
OS=Windows_NT
PROCESSOR_IDENTIFIER=Intel64 Family 6 Model 142 Stepping 10, GenuineIntel



---------------  S Y S T E M  ---------------

OS: Windows 10.0 , 64 bit Build 17134 (10.0.17134.753)

CPU:total 8 (initial active 8) (4 cores per cpu, 2 threads per core) family 6 model 142 stepping 10, cmov, cx8, fxsr, mmx, sse, sse2, sse3, ssse3, sse4.1, sse4.2, popcnt, avx, avx2, aes, clmul, erms, 3dnowpref, lzcnt, ht, tsc, tscinvbit, bmi1, bmi2, adx

Memory: 4k page, physical 16428448k(8159560k free), swap 22589044k(10625800k free)

vm_info: Java HotSpot(TM) 64-Bit Server VM (25.241-b07) for windows-amd64 JRE (1.8.0_241-b07), built on Dec 11 2019 10:21:40 by "rejava" with MS VC++ 10.0 (VS2010)

time: Fri Apr 17 04:27:18 2020
timezone: Egypt Standard Time
elapsed time: 14 seconds (0d 0h 0m 14s)

